2020-09-07 09:07:33.745  INFO 11848 --- [main] c.c.c.ConfigServicePropertySourceLocator : Fetching config from server at : http://localhost:8888
2020-09-07 09:07:40.326  INFO 11848 --- [main] c.c.c.ConfigServicePropertySourceLocator : Located environment: name=employee-service, profiles=[default], label=null, version=3891cb6d7a884832829f31cd5038f7012fa31843, state=null
2020-09-07 09:07:40.329  INFO 11848 --- [main] b.c.PropertySourceBootstrapConfiguration : Located property source: [BootstrapPropertySource {name='bootstrapProperties-configClient'}, BootstrapPropertySource {name='bootstrapProperties-https://github.com/PRATHYUSHA0805/PrathyushaGitRepoMVC/application.properties'}, BootstrapPropertySource {name='bootstrapProperties-https://github.com/PRATHYUSHA0805/PrathyushaGitRepoMVC/application.yml'}]
2020-09-07 09:07:40.410  INFO 11848 --- [main] i.p.e.EmployeeServiceApplication         : No active profile set, falling back to default profiles: default
2020-09-07 09:07:41.704  INFO 11848 --- [main] .s.d.r.c.RepositoryConfigurationDelegate : Bootstrapping Spring Data JPA repositories in DEFERRED mode.
2020-09-07 09:07:41.917  INFO 11848 --- [main] .s.d.r.c.RepositoryConfigurationDelegate : Finished Spring Data repository scanning in 198ms. Found 1 JPA repository interfaces.
2020-09-07 09:07:42.096  WARN 11848 --- [main] o.s.boot.actuate.endpoint.EndpointId     : Endpoint ID 'service-registry' contains invalid characters, please migrate to a valid format.
2020-09-07 09:07:42.319  INFO 11848 --- [main] o.s.cloud.context.scope.GenericScope     : BeanFactory id=2ff0694e-8c1d-38a5-ba1b-4953807ed300
2020-09-07 09:07:43.191  INFO 11848 --- [main] o.s.b.w.embedded.tomcat.TomcatWebServer  : Tomcat initialized with port(s): 8087 (http)
2020-09-07 09:07:43.209  INFO 11848 --- [main] o.apache.catalina.core.StandardService   : Starting service [Tomcat]
2020-09-07 09:07:43.211  INFO 11848 --- [main] org.apache.catalina.core.StandardEngine  : Starting Servlet engine: [Apache Tomcat/9.0.37]
2020-09-07 09:07:43.396  INFO 11848 --- [main] o.a.c.c.C.[Tomcat].[localhost].[/]       : Initializing Spring embedded WebApplicationContext
2020-09-07 09:07:43.397  INFO 11848 --- [main] w.s.c.ServletWebServerApplicationContext : Root WebApplicationContext: initialization completed in 2949 ms
2020-09-07 09:07:43.546  WARN 11848 --- [main] c.n.c.sources.URLConfigurationSource     : No URLs will be polled as dynamic configuration sources.
2020-09-07 09:07:43.547  INFO 11848 --- [main] c.n.c.sources.URLConfigurationSource     : To enable URLs as dynamic configuration sources, define System property archaius.configurationSource.additionalUrls or make config.properties available on classpath.
2020-09-07 09:07:43.574  INFO 11848 --- [main] c.netflix.config.DynamicPropertyFactory  : DynamicPropertyFactory is initialized with configuration sources: com.netflix.config.ConcurrentCompositeConfiguration@38d08cb5
2020-09-07 09:07:43.824  INFO 11848 --- [main] o.s.s.concurrent.ThreadPoolTaskExecutor  : Initializing ExecutorService 'applicationTaskExecutor'
2020-09-07 09:07:43.898  INFO 11848 --- [task-1] o.hibernate.jpa.internal.util.LogHelper  : HHH000204: Processing PersistenceUnitInfo [name: default]
2020-09-07 09:07:43.934  WARN 11848 --- [main] c.n.c.sources.URLConfigurationSource     : No URLs will be polled as dynamic configuration sources.
2020-09-07 09:07:43.935  INFO 11848 --- [main] c.n.c.sources.URLConfigurationSource     : To enable URLs as dynamic configuration sources, define System property archaius.configurationSource.additionalUrls or make config.properties available on classpath.
2020-09-07 09:07:44.043  WARN 11848 --- [main] JpaBaseConfiguration$JpaWebConfiguration : spring.jpa.open-in-view is enabled by default. Therefore, database queries may be performed during view rendering. Explicitly configure spring.jpa.open-in-view to disable this warning
2020-09-07 09:07:44.047  INFO 11848 --- [task-1] org.hibernate.Version                    : HHH000412: Hibernate ORM core version 5.4.20.Final
2020-09-07 09:07:44.486  INFO 11848 --- [task-1] o.hibernate.annotations.common.Version   : HCANN000001: Hibernate Commons Annotations {5.1.0.Final}
2020-09-07 09:07:44.752  INFO 11848 --- [task-1] com.zaxxer.hikari.HikariDataSource       : HikariPool-1 - Starting...
2020-09-07 09:07:44.758  WARN 11848 --- [task-1] com.zaxxer.hikari.util.DriverDataSource  : Registered driver with driverClassName=com.mysql.jdbc.Driver was not found, trying direct instantiation.
2020-09-07 09:07:45.057  INFO 11848 --- [task-1] com.zaxxer.hikari.HikariDataSource       : HikariPool-1 - Start completed.
2020-09-07 09:07:45.097  INFO 11848 --- [task-1] org.hibernate.dialect.Dialect            : HHH000400: Using dialect: org.hibernate.dialect.MySQL5Dialect
2020-09-07 09:07:46.415  INFO 11848 --- [task-1] o.h.e.t.j.p.i.JtaPlatformInitiator       : HHH000490: Using JtaPlatform implementation: [org.hibernate.engine.transaction.jta.platform.internal.NoJtaPlatform]
2020-09-07 09:07:46.425  INFO 11848 --- [task-1] j.LocalContainerEntityManagerFactoryBean : Initialized JPA EntityManagerFactory for persistence unit 'default'
2020-09-07 09:07:46.897  WARN 11848 --- [main] ockingLoadBalancerClientRibbonWarnLogger : You already have RibbonLoadBalancerClient on your classpath. It will be used by default. As Spring Cloud Ribbon is in maintenance mode. We recommend switching to BlockingLoadBalancerClient instead. In order to use it, set the value of `spring.cloud.loadbalancer.ribbon.enabled` to `false` or remove spring-cloud-starter-netflix-ribbon from your project.
2020-09-07 09:07:46.968  INFO 11848 --- [main] o.s.b.a.e.web.EndpointLinksResolver      : Exposing 2 endpoint(s) beneath base path '/actuator'
2020-09-07 09:07:47.031  INFO 11848 --- [main] o.s.c.n.eureka.InstanceInfoFactory       : Setting initial instance status as: STARTING
2020-09-07 09:07:47.156  INFO 11848 --- [main] com.netflix.discovery.DiscoveryClient    : Initializing Eureka in region us-east-1
2020-09-07 09:07:47.724  INFO 11848 --- [main] c.n.d.provider.DiscoveryJerseyProvider   : Using JSON encoding codec LegacyJacksonJson
2020-09-07 09:07:47.725  INFO 11848 --- [main] c.n.d.provider.DiscoveryJerseyProvider   : Using JSON decoding codec LegacyJacksonJson
2020-09-07 09:07:47.924  INFO 11848 --- [main] c.n.d.provider.DiscoveryJerseyProvider   : Using XML encoding codec XStreamXml
2020-09-07 09:07:47.924  INFO 11848 --- [main] c.n.d.provider.DiscoveryJerseyProvider   : Using XML decoding codec XStreamXml
2020-09-07 09:07:48.153  INFO 11848 --- [main] c.n.d.s.r.aws.ConfigClusterResolver      : Resolving eureka endpoints via configuration
2020-09-07 09:07:48.355  INFO 11848 --- [main] com.netflix.discovery.DiscoveryClient    : Disable delta property : false
2020-09-07 09:07:48.356  INFO 11848 --- [main] com.netflix.discovery.DiscoveryClient    : Single vip registry refresh property : null
2020-09-07 09:07:48.357  INFO 11848 --- [main] com.netflix.discovery.DiscoveryClient    : Force full registry fetch : false
2020-09-07 09:07:48.359  INFO 11848 --- [main] com.netflix.discovery.DiscoveryClient    : Application is null : false
2020-09-07 09:07:48.361  INFO 11848 --- [main] com.netflix.discovery.DiscoveryClient    : Registered Applications size is zero : true
2020-09-07 09:07:48.361  INFO 11848 --- [main] com.netflix.discovery.DiscoveryClient    : Application version is -1: true
2020-09-07 09:07:48.361  INFO 11848 --- [main] com.netflix.discovery.DiscoveryClient    : Getting all instance registry info from the eureka server
2020-09-07 09:07:48.565  INFO 11848 --- [main] com.netflix.discovery.DiscoveryClient    : The response status is 200
2020-09-07 09:07:48.570  INFO 11848 --- [main] com.netflix.discovery.DiscoveryClient    : Starting heartbeat executor: renew interval is: 30
2020-09-07 09:07:48.576  INFO 11848 --- [main] c.n.discovery.InstanceInfoReplicator     : InstanceInfoReplicator onDemand update allowed rate per min is 4
2020-09-07 09:07:48.583  INFO 11848 --- [main] com.netflix.discovery.DiscoveryClient    : Discovery Client initialized at timestamp 1599449868582 with initial instances count: 1
2020-09-07 09:07:48.589  INFO 11848 --- [main] o.s.c.n.e.s.EurekaServiceRegistry        : Registering application EMPLOYEE-SERVICE with eureka with status UP
2020-09-07 09:07:48.591  INFO 11848 --- [main] com.netflix.discovery.DiscoveryClient    : Saw local status change event StatusChangeEvent [timestamp=1599449868591, current=UP, previous=STARTING]
2020-09-07 09:07:48.595  INFO 11848 --- [DiscoveryClient-InstanceInfoReplicator-0] com.netflix.discovery.DiscoveryClient    : DiscoveryClient_EMPLOYEE-SERVICE/DESKTOP-KLJ2H36:employee-service:8087: registering service...
2020-09-07 09:07:48.656  INFO 11848 --- [DiscoveryClient-InstanceInfoReplicator-0] com.netflix.discovery.DiscoveryClient    : DiscoveryClient_EMPLOYEE-SERVICE/DESKTOP-KLJ2H36:employee-service:8087 - registration status: 204
2020-09-07 09:07:48.690  INFO 11848 --- [main] o.s.b.w.embedded.tomcat.TomcatWebServer  : Tomcat started on port(s): 8087 (http) with context path ''
2020-09-07 09:07:48.693  INFO 11848 --- [main] .s.c.n.e.s.EurekaAutoServiceRegistration : Updating port to 8087
2020-09-07 09:07:48.963  INFO 11848 --- [main] DeferredRepositoryInitializationListener : Triggering deferred initialization of Spring Data repositories…
2020-09-07 09:07:49.333  INFO 11848 --- [main] DeferredRepositoryInitializationListener : Spring Data repositories initialized!
2020-09-07 09:07:49.351  INFO 11848 --- [main] i.p.e.EmployeeServiceApplication         : Started EmployeeServiceApplication in 17.477 seconds (JVM running for 18.053)
2020-09-07 09:10:52.263  INFO 11848 --- [http-nio-8087-exec-1] o.a.c.c.C.[Tomcat].[localhost].[/]       : Initializing Spring DispatcherServlet 'dispatcherServlet'
2020-09-07 09:10:52.264  INFO 11848 --- [http-nio-8087-exec-1] o.s.web.servlet.DispatcherServlet        : Initializing Servlet 'dispatcherServlet'
2020-09-07 09:10:52.375  INFO 11848 --- [http-nio-8087-exec-1] o.s.web.servlet.DispatcherServlet        : Completed initialization in 111 ms
2020-09-07 09:10:52.537  INFO 11848 --- [http-nio-8087-exec-1] i.p.e.controller.EmployeeController      : Getting all Employees ...
2020-09-07 09:10:56.656  INFO 11848 --- [http-nio-8087-exec-2] i.p.e.controller.EmployeeController      : Getting all Employees ...
2020-09-07 09:11:09.881  INFO 11848 --- [http-nio-8087-exec-3] i.p.e.controller.EmployeeController      : Getting all Employees ...
2020-09-07 09:11:21.198  INFO 11848 --- [http-nio-8087-exec-4] i.p.e.controller.EmployeeController      : Getting all Employees ...
2020-09-07 09:12:21.524  INFO 11848 --- [http-nio-8087-exec-6] i.p.e.controller.EmployeeController      : Delete All Employees with deptId ...
2020-09-07 09:12:28.566  INFO 11848 --- [http-nio-8087-exec-7] i.p.e.controller.EmployeeController      : Getting all Employees ...
2020-09-07 09:12:32.022  INFO 11848 --- [http-nio-8087-exec-8] i.p.e.controller.EmployeeController      : Getting all Employees ...
2020-09-07 09:12:34.185  INFO 11848 --- [http-nio-8087-exec-9] i.p.e.controller.EmployeeController      : Getting all Employees ...
2020-09-07 09:12:48.367  INFO 11848 --- [AsyncResolver-bootstrap-executor-0] c.n.d.s.r.aws.ConfigClusterResolver      : Resolving eureka endpoints via configuration
2020-09-07 09:12:56.566  INFO 11848 --- [http-nio-8087-exec-10] i.p.e.controller.EmployeeController      : Add Employee ...
2020-09-07 09:12:56.653  INFO 11848 --- [http-nio-8087-exec-1] i.p.e.controller.EmployeeController      : Getting all Employees ...
2020-09-07 09:13:00.727  INFO 11848 --- [http-nio-8087-exec-2] i.p.e.controller.EmployeeController      : Getting all Employees ...
2020-09-07 09:13:05.123  INFO 11848 --- [http-nio-8087-exec-3] i.p.e.controller.EmployeeController      : Getting all Employees ...
2020-09-07 09:13:06.433  INFO 11848 --- [http-nio-8087-exec-4] i.p.e.controller.EmployeeController      : Getting all Employees ...
2020-09-07 09:13:11.117  INFO 11848 --- [http-nio-8087-exec-5] i.p.e.controller.EmployeeController      : Getting all Employees ...
2020-09-07 09:13:14.325  INFO 11848 --- [http-nio-8087-exec-6] i.p.e.controller.EmployeeController      : Getting all Employees ...
2020-09-07 09:13:34.671  INFO 11848 --- [http-nio-8087-exec-7] i.p.e.controller.EmployeeController      : Update Employee ...
2020-09-07 09:13:34.702  INFO 11848 --- [http-nio-8087-exec-8] i.p.e.controller.EmployeeController      : Getting all Employees ...
2020-09-07 09:14:21.145  INFO 11848 --- [http-nio-8087-exec-9] i.p.e.controller.EmployeeController      : Getting all Employees ...
2020-09-07 09:14:22.465  INFO 11848 --- [http-nio-8087-exec-10] i.p.e.controller.EmployeeController      : Getting all Employees ...
2020-09-07 09:17:48.370  INFO 11848 --- [AsyncResolver-bootstrap-executor-0] c.n.d.s.r.aws.ConfigClusterResolver      : Resolving eureka endpoints via configuration
2020-09-07 09:22:48.374  INFO 11848 --- [AsyncResolver-bootstrap-executor-0] c.n.d.s.r.aws.ConfigClusterResolver      : Resolving eureka endpoints via configuration
2020-09-07 09:27:48.376  INFO 11848 --- [AsyncResolver-bootstrap-executor-0] c.n.d.s.r.aws.ConfigClusterResolver      : Resolving eureka endpoints via configuration
2020-09-07 09:32:48.379  INFO 11848 --- [AsyncResolver-bootstrap-executor-0] c.n.d.s.r.aws.ConfigClusterResolver      : Resolving eureka endpoints via configuration
2020-09-07 09:37:48.382  INFO 11848 --- [AsyncResolver-bootstrap-executor-0] c.n.d.s.r.aws.ConfigClusterResolver      : Resolving eureka endpoints via configuration
2020-09-07 09:43:49.966  INFO 14436 --- [main] c.c.c.ConfigServicePropertySourceLocator : Fetching config from server at : http://localhost:8888
2020-09-07 09:43:52.318  INFO 14436 --- [main] c.c.c.ConfigServicePropertySourceLocator : Located environment: name=employee-service, profiles=[default], label=null, version=3891cb6d7a884832829f31cd5038f7012fa31843, state=null
2020-09-07 09:43:52.320  INFO 14436 --- [main] b.c.PropertySourceBootstrapConfiguration : Located property source: [BootstrapPropertySource {name='bootstrapProperties-configClient'}, BootstrapPropertySource {name='bootstrapProperties-https://github.com/PRATHYUSHA0805/PrathyushaGitRepoMVC/application.properties'}, BootstrapPropertySource {name='bootstrapProperties-https://github.com/PRATHYUSHA0805/PrathyushaGitRepoMVC/application.yml'}]
2020-09-07 09:43:52.376  INFO 14436 --- [main] i.p.e.EmployeeServiceApplication         : No active profile set, falling back to default profiles: default
2020-09-07 09:43:53.375  INFO 14436 --- [main] .s.d.r.c.RepositoryConfigurationDelegate : Bootstrapping Spring Data JPA repositories in DEFERRED mode.
2020-09-07 09:43:53.605  INFO 14436 --- [main] .s.d.r.c.RepositoryConfigurationDelegate : Finished Spring Data repository scanning in 213ms. Found 1 JPA repository interfaces.
2020-09-07 09:43:53.753  WARN 14436 --- [main] o.s.boot.actuate.endpoint.EndpointId     : Endpoint ID 'service-registry' contains invalid characters, please migrate to a valid format.
2020-09-07 09:43:53.974  INFO 14436 --- [main] o.s.cloud.context.scope.GenericScope     : BeanFactory id=dc36a916-1074-3eb0-84af-fb97efd1a68e
2020-09-07 09:43:54.863  INFO 14436 --- [main] o.s.b.w.embedded.tomcat.TomcatWebServer  : Tomcat initialized with port(s): 8087 (http)
2020-09-07 09:43:54.881  INFO 14436 --- [main] o.apache.catalina.core.StandardService   : Starting service [Tomcat]
2020-09-07 09:43:54.881  INFO 14436 --- [main] org.apache.catalina.core.StandardEngine  : Starting Servlet engine: [Apache Tomcat/9.0.37]
2020-09-07 09:43:55.059  INFO 14436 --- [main] o.a.c.c.C.[Tomcat].[localhost].[/]       : Initializing Spring embedded WebApplicationContext
2020-09-07 09:43:55.059  INFO 14436 --- [main] w.s.c.ServletWebServerApplicationContext : Root WebApplicationContext: initialization completed in 2656 ms
2020-09-07 09:43:55.185  WARN 14436 --- [main] c.n.c.sources.URLConfigurationSource     : No URLs will be polled as dynamic configuration sources.
2020-09-07 09:43:55.186  INFO 14436 --- [main] c.n.c.sources.URLConfigurationSource     : To enable URLs as dynamic configuration sources, define System property archaius.configurationSource.additionalUrls or make config.properties available on classpath.
2020-09-07 09:43:55.209  INFO 14436 --- [main] c.netflix.config.DynamicPropertyFactory  : DynamicPropertyFactory is initialized with configuration sources: com.netflix.config.ConcurrentCompositeConfiguration@2ceca2ef
2020-09-07 09:43:55.618  INFO 14436 --- [main] o.s.s.concurrent.ThreadPoolTaskExecutor  : Initializing ExecutorService 'applicationTaskExecutor'
2020-09-07 09:43:55.694  INFO 14436 --- [task-1] o.hibernate.jpa.internal.util.LogHelper  : HHH000204: Processing PersistenceUnitInfo [name: default]
2020-09-07 09:43:55.729  WARN 14436 --- [main] c.n.c.sources.URLConfigurationSource     : No URLs will be polled as dynamic configuration sources.
2020-09-07 09:43:55.729  INFO 14436 --- [main] c.n.c.sources.URLConfigurationSource     : To enable URLs as dynamic configuration sources, define System property archaius.configurationSource.additionalUrls or make config.properties available on classpath.
2020-09-07 09:43:55.828  WARN 14436 --- [main] JpaBaseConfiguration$JpaWebConfiguration : spring.jpa.open-in-view is enabled by default. Therefore, database queries may be performed during view rendering. Explicitly configure spring.jpa.open-in-view to disable this warning
2020-09-07 09:43:55.855  INFO 14436 --- [task-1] org.hibernate.Version                    : HHH000412: Hibernate ORM core version 5.4.20.Final
2020-09-07 09:43:56.225  INFO 14436 --- [task-1] o.hibernate.annotations.common.Version   : HCANN000001: Hibernate Commons Annotations {5.1.0.Final}
2020-09-07 09:43:56.473  INFO 14436 --- [task-1] com.zaxxer.hikari.HikariDataSource       : HikariPool-1 - Starting...
2020-09-07 09:43:56.480  WARN 14436 --- [task-1] com.zaxxer.hikari.util.DriverDataSource  : Registered driver with driverClassName=com.mysql.jdbc.Driver was not found, trying direct instantiation.
2020-09-07 09:43:56.784  INFO 14436 --- [task-1] com.zaxxer.hikari.HikariDataSource       : HikariPool-1 - Start completed.
2020-09-07 09:43:56.820  INFO 14436 --- [task-1] org.hibernate.dialect.Dialect            : HHH000400: Using dialect: org.hibernate.dialect.MySQL5Dialect
2020-09-07 09:43:58.339  INFO 14436 --- [task-1] o.h.e.t.j.p.i.JtaPlatformInitiator       : HHH000490: Using JtaPlatform implementation: [org.hibernate.engine.transaction.jta.platform.internal.NoJtaPlatform]
2020-09-07 09:43:58.352  INFO 14436 --- [task-1] j.LocalContainerEntityManagerFactoryBean : Initialized JPA EntityManagerFactory for persistence unit 'default'
2020-09-07 09:43:58.882  WARN 14436 --- [main] ockingLoadBalancerClientRibbonWarnLogger : You already have RibbonLoadBalancerClient on your classpath. It will be used by default. As Spring Cloud Ribbon is in maintenance mode. We recommend switching to BlockingLoadBalancerClient instead. In order to use it, set the value of `spring.cloud.loadbalancer.ribbon.enabled` to `false` or remove spring-cloud-starter-netflix-ribbon from your project.
2020-09-07 09:43:58.941  INFO 14436 --- [main] o.s.b.a.e.web.EndpointLinksResolver      : Exposing 2 endpoint(s) beneath base path '/actuator'
2020-09-07 09:43:59.052  INFO 14436 --- [main] o.s.c.n.eureka.InstanceInfoFactory       : Setting initial instance status as: STARTING
2020-09-07 09:43:59.200  INFO 14436 --- [main] com.netflix.discovery.DiscoveryClient    : Initializing Eureka in region us-east-1
2020-09-07 09:43:59.681  INFO 14436 --- [main] c.n.d.provider.DiscoveryJerseyProvider   : Using JSON encoding codec LegacyJacksonJson
2020-09-07 09:43:59.682  INFO 14436 --- [main] c.n.d.provider.DiscoveryJerseyProvider   : Using JSON decoding codec LegacyJacksonJson
2020-09-07 09:43:59.880  INFO 14436 --- [main] c.n.d.provider.DiscoveryJerseyProvider   : Using XML encoding codec XStreamXml
2020-09-07 09:43:59.881  INFO 14436 --- [main] c.n.d.provider.DiscoveryJerseyProvider   : Using XML decoding codec XStreamXml
2020-09-07 09:44:00.229  INFO 14436 --- [main] c.n.d.s.r.aws.ConfigClusterResolver      : Resolving eureka endpoints via configuration
2020-09-07 09:44:00.437  INFO 14436 --- [main] com.netflix.discovery.DiscoveryClient    : Disable delta property : false
2020-09-07 09:44:00.439  INFO 14436 --- [main] com.netflix.discovery.DiscoveryClient    : Single vip registry refresh property : null
2020-09-07 09:44:00.441  INFO 14436 --- [main] com.netflix.discovery.DiscoveryClient    : Force full registry fetch : false
2020-09-07 09:44:00.443  INFO 14436 --- [main] com.netflix.discovery.DiscoveryClient    : Application is null : false
2020-09-07 09:44:00.444  INFO 14436 --- [main] com.netflix.discovery.DiscoveryClient    : Registered Applications size is zero : true
2020-09-07 09:44:00.445  INFO 14436 --- [main] com.netflix.discovery.DiscoveryClient    : Application version is -1: true
2020-09-07 09:44:00.446  INFO 14436 --- [main] com.netflix.discovery.DiscoveryClient    : Getting all instance registry info from the eureka server
2020-09-07 09:44:00.735  INFO 14436 --- [main] com.netflix.discovery.DiscoveryClient    : The response status is 200
2020-09-07 09:44:00.743  INFO 14436 --- [main] com.netflix.discovery.DiscoveryClient    : Starting heartbeat executor: renew interval is: 30
2020-09-07 09:44:00.750  INFO 14436 --- [main] c.n.discovery.InstanceInfoReplicator     : InstanceInfoReplicator onDemand update allowed rate per min is 4
2020-09-07 09:44:00.755  INFO 14436 --- [main] com.netflix.discovery.DiscoveryClient    : Discovery Client initialized at timestamp 1599452040754 with initial instances count: 5
2020-09-07 09:44:00.759  INFO 14436 --- [main] o.s.c.n.e.s.EurekaServiceRegistry        : Registering application EMPLOYEE-SERVICE with eureka with status UP
2020-09-07 09:44:00.759  INFO 14436 --- [main] com.netflix.discovery.DiscoveryClient    : Saw local status change event StatusChangeEvent [timestamp=1599452040759, current=UP, previous=STARTING]
2020-09-07 09:44:00.762  INFO 14436 --- [DiscoveryClient-InstanceInfoReplicator-0] com.netflix.discovery.DiscoveryClient    : DiscoveryClient_EMPLOYEE-SERVICE/DESKTOP-KLJ2H36:employee-service:8087: registering service...
2020-09-07 09:44:00.818  INFO 14436 --- [DiscoveryClient-InstanceInfoReplicator-0] com.netflix.discovery.DiscoveryClient    : DiscoveryClient_EMPLOYEE-SERVICE/DESKTOP-KLJ2H36:employee-service:8087 - registration status: 204
2020-09-07 09:44:00.820  INFO 14436 --- [main] o.s.b.w.embedded.tomcat.TomcatWebServer  : Tomcat started on port(s): 8087 (http) with context path ''
2020-09-07 09:44:00.821  INFO 14436 --- [main] .s.c.n.e.s.EurekaAutoServiceRegistration : Updating port to 8087
2020-09-07 09:44:01.089  INFO 14436 --- [main] DeferredRepositoryInitializationListener : Triggering deferred initialization of Spring Data repositories…
2020-09-07 09:44:01.540  INFO 14436 --- [main] DeferredRepositoryInitializationListener : Spring Data repositories initialized!
2020-09-07 09:44:01.568  INFO 14436 --- [main] i.p.e.EmployeeServiceApplication         : Started EmployeeServiceApplication in 13.279 seconds (JVM running for 13.817)
2020-09-07 09:45:59.897  INFO 8840 --- [main] c.c.c.ConfigServicePropertySourceLocator : Fetching config from server at : http://localhost:8888
2020-09-07 09:46:01.980  INFO 8840 --- [main] c.c.c.ConfigServicePropertySourceLocator : Located environment: name=employee-service, profiles=[default], label=null, version=3891cb6d7a884832829f31cd5038f7012fa31843, state=null
2020-09-07 09:46:01.984  INFO 8840 --- [main] b.c.PropertySourceBootstrapConfiguration : Located property source: [BootstrapPropertySource {name='bootstrapProperties-configClient'}, BootstrapPropertySource {name='bootstrapProperties-https://github.com/PRATHYUSHA0805/PrathyushaGitRepoMVC/application.properties'}, BootstrapPropertySource {name='bootstrapProperties-https://github.com/PRATHYUSHA0805/PrathyushaGitRepoMVC/application.yml'}]
2020-09-07 09:46:02.069  INFO 8840 --- [main] i.p.e.EmployeeServiceApplication         : No active profile set, falling back to default profiles: default
2020-09-07 09:46:03.024  INFO 8840 --- [main] .s.d.r.c.RepositoryConfigurationDelegate : Bootstrapping Spring Data JPA repositories in DEFERRED mode.
2020-09-07 09:46:03.310  INFO 8840 --- [main] .s.d.r.c.RepositoryConfigurationDelegate : Finished Spring Data repository scanning in 272ms. Found 1 JPA repository interfaces.
2020-09-07 09:46:03.493  WARN 8840 --- [main] o.s.boot.actuate.endpoint.EndpointId     : Endpoint ID 'service-registry' contains invalid characters, please migrate to a valid format.
2020-09-07 09:46:03.737  INFO 8840 --- [main] o.s.cloud.context.scope.GenericScope     : BeanFactory id=2ff0694e-8c1d-38a5-ba1b-4953807ed300
2020-09-07 09:46:04.560  INFO 8840 --- [main] o.s.b.w.embedded.tomcat.TomcatWebServer  : Tomcat initialized with port(s): 8087 (http)
2020-09-07 09:46:04.576  INFO 8840 --- [main] o.apache.catalina.core.StandardService   : Starting service [Tomcat]
2020-09-07 09:46:04.576  INFO 8840 --- [main] org.apache.catalina.core.StandardEngine  : Starting Servlet engine: [Apache Tomcat/9.0.37]
2020-09-07 09:46:04.777  INFO 8840 --- [main] o.a.c.c.C.[Tomcat].[localhost].[/]       : Initializing Spring embedded WebApplicationContext
2020-09-07 09:46:04.778  INFO 8840 --- [main] w.s.c.ServletWebServerApplicationContext : Root WebApplicationContext: initialization completed in 2679 ms
2020-09-07 09:46:04.914  WARN 8840 --- [main] c.n.c.sources.URLConfigurationSource     : No URLs will be polled as dynamic configuration sources.
2020-09-07 09:46:04.915  INFO 8840 --- [main] c.n.c.sources.URLConfigurationSource     : To enable URLs as dynamic configuration sources, define System property archaius.configurationSource.additionalUrls or make config.properties available on classpath.
2020-09-07 09:46:04.936  INFO 8840 --- [main] c.netflix.config.DynamicPropertyFactory  : DynamicPropertyFactory is initialized with configuration sources: com.netflix.config.ConcurrentCompositeConfiguration@1ec22831
2020-09-07 09:46:05.229  INFO 8840 --- [main] o.s.s.concurrent.ThreadPoolTaskExecutor  : Initializing ExecutorService 'applicationTaskExecutor'
2020-09-07 09:46:05.292  INFO 8840 --- [task-1] o.hibernate.jpa.internal.util.LogHelper  : HHH000204: Processing PersistenceUnitInfo [name: default]
2020-09-07 09:46:05.354  WARN 8840 --- [main] c.n.c.sources.URLConfigurationSource     : No URLs will be polled as dynamic configuration sources.
2020-09-07 09:46:05.356  INFO 8840 --- [main] c.n.c.sources.URLConfigurationSource     : To enable URLs as dynamic configuration sources, define System property archaius.configurationSource.additionalUrls or make config.properties available on classpath.
2020-09-07 09:46:05.433  INFO 8840 --- [task-1] org.hibernate.Version                    : HHH000412: Hibernate ORM core version 5.4.20.Final
2020-09-07 09:46:05.478  WARN 8840 --- [main] JpaBaseConfiguration$JpaWebConfiguration : spring.jpa.open-in-view is enabled by default. Therefore, database queries may be performed during view rendering. Explicitly configure spring.jpa.open-in-view to disable this warning
2020-09-07 09:46:05.798  INFO 8840 --- [task-1] o.hibernate.annotations.common.Version   : HCANN000001: Hibernate Commons Annotations {5.1.0.Final}
2020-09-07 09:46:06.013  INFO 8840 --- [task-1] com.zaxxer.hikari.HikariDataSource       : HikariPool-1 - Starting...
2020-09-07 09:46:06.020  WARN 8840 --- [task-1] com.zaxxer.hikari.util.DriverDataSource  : Registered driver with driverClassName=com.mysql.jdbc.Driver was not found, trying direct instantiation.
2020-09-07 09:46:06.527  INFO 8840 --- [task-1] com.zaxxer.hikari.HikariDataSource       : HikariPool-1 - Start completed.
2020-09-07 09:46:06.554  INFO 8840 --- [task-1] org.hibernate.dialect.Dialect            : HHH000400: Using dialect: org.hibernate.dialect.MySQL5Dialect
2020-09-07 09:46:08.647  INFO 8840 --- [task-1] o.h.e.t.j.p.i.JtaPlatformInitiator       : HHH000490: Using JtaPlatform implementation: [org.hibernate.engine.transaction.jta.platform.internal.NoJtaPlatform]
2020-09-07 09:46:08.660  INFO 8840 --- [task-1] j.LocalContainerEntityManagerFactoryBean : Initialized JPA EntityManagerFactory for persistence unit 'default'
2020-09-07 09:46:09.517  WARN 8840 --- [main] ockingLoadBalancerClientRibbonWarnLogger : You already have RibbonLoadBalancerClient on your classpath. It will be used by default. As Spring Cloud Ribbon is in maintenance mode. We recommend switching to BlockingLoadBalancerClient instead. In order to use it, set the value of `spring.cloud.loadbalancer.ribbon.enabled` to `false` or remove spring-cloud-starter-netflix-ribbon from your project.
2020-09-07 09:46:09.594  INFO 8840 --- [main] o.s.b.a.e.web.EndpointLinksResolver      : Exposing 2 endpoint(s) beneath base path '/actuator'
2020-09-07 09:46:09.688  INFO 8840 --- [main] o.s.c.n.eureka.InstanceInfoFactory       : Setting initial instance status as: STARTING
2020-09-07 09:46:09.849  INFO 8840 --- [main] com.netflix.discovery.DiscoveryClient    : Initializing Eureka in region us-east-1
2020-09-07 09:46:10.452  INFO 8840 --- [main] c.n.d.provider.DiscoveryJerseyProvider   : Using JSON encoding codec LegacyJacksonJson
2020-09-07 09:46:10.452  INFO 8840 --- [main] c.n.d.provider.DiscoveryJerseyProvider   : Using JSON decoding codec LegacyJacksonJson
2020-09-07 09:46:10.714  INFO 8840 --- [main] c.n.d.provider.DiscoveryJerseyProvider   : Using XML encoding codec XStreamXml
2020-09-07 09:46:10.714  INFO 8840 --- [main] c.n.d.provider.DiscoveryJerseyProvider   : Using XML decoding codec XStreamXml
2020-09-07 09:46:10.967  INFO 8840 --- [main] c.n.d.s.r.aws.ConfigClusterResolver      : Resolving eureka endpoints via configuration
2020-09-07 09:46:11.202  INFO 8840 --- [main] com.netflix.discovery.DiscoveryClient    : Disable delta property : false
2020-09-07 09:46:11.203  INFO 8840 --- [main] com.netflix.discovery.DiscoveryClient    : Single vip registry refresh property : null
2020-09-07 09:46:11.203  INFO 8840 --- [main] com.netflix.discovery.DiscoveryClient    : Force full registry fetch : false
2020-09-07 09:46:11.203  INFO 8840 --- [main] com.netflix.discovery.DiscoveryClient    : Application is null : false
2020-09-07 09:46:11.203  INFO 8840 --- [main] com.netflix.discovery.DiscoveryClient    : Registered Applications size is zero : true
2020-09-07 09:46:11.204  INFO 8840 --- [main] com.netflix.discovery.DiscoveryClient    : Application version is -1: true
2020-09-07 09:46:11.204  INFO 8840 --- [main] com.netflix.discovery.DiscoveryClient    : Getting all instance registry info from the eureka server
2020-09-07 09:46:11.407  INFO 8840 --- [main] com.netflix.discovery.DiscoveryClient    : The response status is 200
2020-09-07 09:46:11.411  INFO 8840 --- [main] com.netflix.discovery.DiscoveryClient    : Starting heartbeat executor: renew interval is: 30
2020-09-07 09:46:11.414  INFO 8840 --- [main] c.n.discovery.InstanceInfoReplicator     : InstanceInfoReplicator onDemand update allowed rate per min is 4
2020-09-07 09:46:11.421  INFO 8840 --- [main] com.netflix.discovery.DiscoveryClient    : Discovery Client initialized at timestamp 1599452171419 with initial instances count: 5
2020-09-07 09:46:11.424  INFO 8840 --- [main] o.s.c.n.e.s.EurekaServiceRegistry        : Registering application EMPLOYEE-SERVICE with eureka with status UP
2020-09-07 09:46:11.425  INFO 8840 --- [main] com.netflix.discovery.DiscoveryClient    : Saw local status change event StatusChangeEvent [timestamp=1599452171425, current=UP, previous=STARTING]
2020-09-07 09:46:11.429  INFO 8840 --- [DiscoveryClient-InstanceInfoReplicator-0] com.netflix.discovery.DiscoveryClient    : DiscoveryClient_EMPLOYEE-SERVICE/DESKTOP-KLJ2H36:employee-service:8087: registering service...
2020-09-07 09:46:11.494  INFO 8840 --- [DiscoveryClient-InstanceInfoReplicator-0] com.netflix.discovery.DiscoveryClient    : DiscoveryClient_EMPLOYEE-SERVICE/DESKTOP-KLJ2H36:employee-service:8087 - registration status: 204
2020-09-07 09:46:11.497  INFO 8840 --- [main] o.s.b.w.embedded.tomcat.TomcatWebServer  : Tomcat started on port(s): 8087 (http) with context path ''
2020-09-07 09:46:11.499  INFO 8840 --- [main] .s.c.n.e.s.EurekaAutoServiceRegistration : Updating port to 8087
2020-09-07 09:46:11.907  INFO 8840 --- [main] DeferredRepositoryInitializationListener : Triggering deferred initialization of Spring Data repositories…
2020-09-07 09:46:12.349  INFO 8840 --- [main] DeferredRepositoryInitializationListener : Spring Data repositories initialized!
2020-09-07 09:46:12.371  INFO 8840 --- [main] i.p.e.EmployeeServiceApplication         : Started EmployeeServiceApplication in 14.157 seconds (JVM running for 14.77)
2020-09-07 09:47:34.363  INFO 8840 --- [http-nio-8087-exec-10] o.a.c.c.C.[Tomcat].[localhost].[/]       : Initializing Spring DispatcherServlet 'dispatcherServlet'
2020-09-07 09:47:34.363  INFO 8840 --- [http-nio-8087-exec-10] o.s.web.servlet.DispatcherServlet        : Initializing Servlet 'dispatcherServlet'
2020-09-07 09:47:34.461  INFO 8840 --- [http-nio-8087-exec-10] o.s.web.servlet.DispatcherServlet        : Completed initialization in 98 ms
2020-09-07 09:47:34.547  INFO 8840 --- [http-nio-8087-exec-10] i.p.e.controller.EmployeeController      : Getting all Employees ...
2020-09-07 09:49:55.892  INFO 8840 --- [http-nio-8087-exec-9] i.p.e.controller.EmployeeController      : Getting all Employees ...
2020-09-07 09:51:11.211  INFO 8840 --- [AsyncResolver-bootstrap-executor-0] c.n.d.s.r.aws.ConfigClusterResolver      : Resolving eureka endpoints via configuration
2020-09-07 09:51:16.536  INFO 8840 --- [http-nio-8087-exec-8] i.p.e.controller.EmployeeController      : Delete All Employees with deptId ...
2020-09-07 09:51:23.583  INFO 8840 --- [http-nio-8087-exec-7] i.p.e.controller.EmployeeController      : Delete All Employees with deptId ...
2020-09-07 09:51:28.833  INFO 8840 --- [http-nio-8087-exec-6] i.p.e.controller.EmployeeController      : Delete All Employees with deptId ...
2020-09-07 09:51:50.708  INFO 8840 --- [http-nio-8087-exec-5] i.p.e.controller.EmployeeController      : Getting all Employees ...
2020-09-07 09:51:55.522  INFO 8840 --- [http-nio-8087-exec-4] i.p.e.controller.EmployeeController      : Getting all Employees ...
2020-09-07 09:51:56.774  INFO 8840 --- [http-nio-8087-exec-3] i.p.e.controller.EmployeeController      : Getting all Employees ...
2020-09-07 09:51:58.285  INFO 8840 --- [http-nio-8087-exec-2] i.p.e.controller.EmployeeController      : Getting all Employees ...
2020-09-07 09:51:59.742  INFO 8840 --- [http-nio-8087-exec-1] i.p.e.controller.EmployeeController      : Getting all Employees ...
2020-09-07 09:52:01.496  INFO 8840 --- [http-nio-8087-exec-10] i.p.e.controller.EmployeeController      : Getting all Employees ...
2020-09-07 09:52:03.280  INFO 8840 --- [http-nio-8087-exec-9] i.p.e.controller.EmployeeController      : Getting all Employees ...
2020-09-07 09:52:05.694  INFO 8840 --- [http-nio-8087-exec-8] i.p.e.controller.EmployeeController      : Getting all Employees ...
2020-09-07 09:52:11.837  INFO 8840 --- [http-nio-8087-exec-7] i.p.e.controller.EmployeeController      : Getting all Employees ...
2020-09-07 09:52:16.120  INFO 8840 --- [http-nio-8087-exec-6] i.p.e.controller.EmployeeController      : Getting all Employees ...
2020-09-07 09:52:42.378  INFO 8840 --- [http-nio-8087-exec-5] i.p.e.controller.EmployeeController      : Add Employee ...
2020-09-07 09:52:42.438  INFO 8840 --- [http-nio-8087-exec-4] i.p.e.controller.EmployeeController      : Getting all Employees ...
2020-09-07 09:52:45.757  INFO 8840 --- [http-nio-8087-exec-3] i.p.e.controller.EmployeeController      : Getting all Employees ...
2020-09-07 09:52:47.202  INFO 8840 --- [http-nio-8087-exec-2] i.p.e.controller.EmployeeController      : Getting all Employees ...
2020-09-07 09:53:11.570  INFO 8840 --- [http-nio-8087-exec-1] i.p.e.controller.EmployeeController      : Add Employee ...
2020-09-07 09:53:11.602  INFO 8840 --- [http-nio-8087-exec-10] i.p.e.controller.EmployeeController      : Getting all Employees ...
2020-09-07 09:53:14.702  INFO 8840 --- [http-nio-8087-exec-9] i.p.e.controller.EmployeeController      : Getting all Employees ...
2020-09-07 09:53:16.301  INFO 8840 --- [http-nio-8087-exec-8] i.p.e.controller.EmployeeController      : Getting all Employees ...
2020-09-07 09:53:17.804  INFO 8840 --- [http-nio-8087-exec-7] i.p.e.controller.EmployeeController      : Getting all Employees ...
2020-09-07 09:53:19.586  INFO 8840 --- [http-nio-8087-exec-6] i.p.e.controller.EmployeeController      : Getting all Employees ...
2020-09-07 09:53:22.379  INFO 8840 --- [http-nio-8087-exec-5] i.p.e.controller.EmployeeController      : Getting all Employees ...
2020-09-07 09:53:23.597  INFO 8840 --- [http-nio-8087-exec-4] i.p.e.controller.EmployeeController      : Getting all Employees ...
2020-09-07 09:53:24.940  INFO 8840 --- [http-nio-8087-exec-3] i.p.e.controller.EmployeeController      : Getting all Employees ...
2020-09-07 09:53:28.335  INFO 8840 --- [http-nio-8087-exec-2] i.p.e.controller.EmployeeController      : Getting all Employees ...
2020-09-07 09:53:29.449  INFO 8840 --- [http-nio-8087-exec-1] i.p.e.controller.EmployeeController      : Getting all Employees ...
2020-09-07 09:53:41.362  INFO 8840 --- [http-nio-8087-exec-10] i.p.e.controller.EmployeeController      : Getting all Employees ...
2020-09-07 09:56:11.215  INFO 8840 --- [AsyncResolver-bootstrap-executor-0] c.n.d.s.r.aws.ConfigClusterResolver      : Resolving eureka endpoints via configuration
2020-09-07 10:01:11.216  INFO 8840 --- [AsyncResolver-bootstrap-executor-0] c.n.d.s.r.aws.ConfigClusterResolver      : Resolving eureka endpoints via configuration
2020-09-07 10:05:31.902  INFO 8840 --- [http-nio-8087-exec-9] i.p.e.controller.EmployeeController      : Delete All Employees with deptId ...
2020-09-07 10:06:05.429  INFO 8840 --- [http-nio-8087-exec-8] i.p.e.controller.EmployeeController      : Getting all Employees ...
2020-09-07 10:06:11.218  INFO 8840 --- [AsyncResolver-bootstrap-executor-0] c.n.d.s.r.aws.ConfigClusterResolver      : Resolving eureka endpoints via configuration
2020-09-07 10:06:25.725  INFO 8840 --- [http-nio-8087-exec-7] i.p.e.controller.EmployeeController      : Add Employee ...
2020-09-07 10:06:25.758  INFO 8840 --- [http-nio-8087-exec-6] i.p.e.controller.EmployeeController      : Getting all Employees ...
2020-09-07 10:06:31.426  INFO 8840 --- [http-nio-8087-exec-5] i.p.e.controller.EmployeeController      : Getting all Employees ...
2020-09-07 10:07:11.725  INFO 8840 --- [http-nio-8087-exec-4] i.p.e.controller.EmployeeController      : Update Employee ...
2020-09-07 10:07:11.759  INFO 8840 --- [http-nio-8087-exec-3] i.p.e.controller.EmployeeController      : Getting all Employees ...
2020-09-07 10:07:14.200  INFO 8840 --- [http-nio-8087-exec-2] i.p.e.controller.EmployeeController      : Getting all Employees ...
2020-09-07 10:07:59.592  INFO 8840 --- [http-nio-8087-exec-1] i.p.e.controller.EmployeeController      : Update Employee ...
2020-09-07 10:07:59.622  INFO 8840 --- [http-nio-8087-exec-10] i.p.e.controller.EmployeeController      : Getting all Employees ...
2020-09-07 10:08:04.009  INFO 8840 --- [http-nio-8087-exec-9] i.p.e.controller.EmployeeController      : Getting all Employees ...
2020-09-07 10:08:06.142  INFO 8840 --- [http-nio-8087-exec-8] i.p.e.controller.EmployeeController      : Getting all Employees ...
2020-09-07 10:08:40.920  INFO 8840 --- [http-nio-8087-exec-7] i.p.e.controller.EmployeeController      : Update Employee ...
2020-09-07 10:08:40.970  INFO 8840 --- [http-nio-8087-exec-6] i.p.e.controller.EmployeeController      : Getting all Employees ...
2020-09-07 10:08:58.556  INFO 8840 --- [http-nio-8087-exec-5] i.p.e.controller.EmployeeController      : Deleting a single Employee with deptId and EmployeeId...
2020-09-07 10:08:58.583  INFO 8840 --- [http-nio-8087-exec-4] i.p.e.controller.EmployeeController      : Getting all Employees ...
2020-09-07 10:11:11.221  INFO 8840 --- [AsyncResolver-bootstrap-executor-0] c.n.d.s.r.aws.ConfigClusterResolver      : Resolving eureka endpoints via configuration
2020-09-07 10:12:50.209  INFO 8840 --- [http-nio-8087-exec-3] i.p.e.controller.EmployeeController      : Getting all Employees ...
2020-09-07 10:12:51.771  INFO 8840 --- [http-nio-8087-exec-2] i.p.e.controller.EmployeeController      : Getting all Employees ...
2020-09-07 10:12:59.090  INFO 8840 --- [http-nio-8087-exec-1] i.p.e.controller.EmployeeController      : Getting all Employees ...
2020-09-07 10:13:04.793  INFO 8840 --- [http-nio-8087-exec-10] i.p.e.controller.EmployeeController      : Getting all Employees ...
2020-09-07 10:16:11.223  INFO 8840 --- [AsyncResolver-bootstrap-executor-0] c.n.d.s.r.aws.ConfigClusterResolver      : Resolving eureka endpoints via configuration
2020-09-07 10:21:11.231  INFO 8840 --- [AsyncResolver-bootstrap-executor-0] c.n.d.s.r.aws.ConfigClusterResolver      : Resolving eureka endpoints via configuration
2020-09-07 10:26:11.233  INFO 8840 --- [AsyncResolver-bootstrap-executor-0] c.n.d.s.r.aws.ConfigClusterResolver      : Resolving eureka endpoints via configuration
2020-09-07 10:31:11.233  INFO 8840 --- [AsyncResolver-bootstrap-executor-0] c.n.d.s.r.aws.ConfigClusterResolver      : Resolving eureka endpoints via configuration
2020-09-07 10:36:11.236  INFO 8840 --- [AsyncResolver-bootstrap-executor-0] c.n.d.s.r.aws.ConfigClusterResolver      : Resolving eureka endpoints via configuration
2020-09-07 10:41:11.238  INFO 8840 --- [AsyncResolver-bootstrap-executor-0] c.n.d.s.r.aws.ConfigClusterResolver      : Resolving eureka endpoints via configuration
2020-09-07 10:46:11.241  INFO 8840 --- [AsyncResolver-bootstrap-executor-0] c.n.d.s.r.aws.ConfigClusterResolver      : Resolving eureka endpoints via configuration
2020-09-07 10:51:11.250  INFO 8840 --- [AsyncResolver-bootstrap-executor-0] c.n.d.s.r.aws.ConfigClusterResolver      : Resolving eureka endpoints via configuration
2020-09-07 10:56:11.252  INFO 8840 --- [AsyncResolver-bootstrap-executor-0] c.n.d.s.r.aws.ConfigClusterResolver      : Resolving eureka endpoints via configuration
2020-09-07 11:01:11.273  INFO 8840 --- [AsyncResolver-bootstrap-executor-0] c.n.d.s.r.aws.ConfigClusterResolver      : Resolving eureka endpoints via configuration
2020-09-07 11:02:42.049  INFO 8840 --- [http-nio-8087-exec-8] i.p.e.controller.EmployeeController      : Getting all Employees ...
2020-09-07 11:02:44.676  INFO 8840 --- [http-nio-8087-exec-7] i.p.e.controller.EmployeeController      : Getting all Employees ...
2020-09-07 11:02:45.599  INFO 8840 --- [http-nio-8087-exec-6] i.p.e.controller.EmployeeController      : Getting all Employees ...
2020-09-07 11:02:46.488  INFO 8840 --- [http-nio-8087-exec-5] i.p.e.controller.EmployeeController      : Getting all Employees ...
2020-09-07 11:02:47.356  INFO 8840 --- [http-nio-8087-exec-4] i.p.e.controller.EmployeeController      : Getting all Employees ...
2020-09-07 11:02:49.658  INFO 8840 --- [http-nio-8087-exec-3] i.p.e.controller.EmployeeController      : Getting all Employees ...
2020-09-07 11:02:50.685  INFO 8840 --- [http-nio-8087-exec-2] i.p.e.controller.EmployeeController      : Getting all Employees ...
2020-09-07 11:02:51.615  INFO 8840 --- [http-nio-8087-exec-1] i.p.e.controller.EmployeeController      : Getting all Employees ...
2020-09-07 11:02:52.939  INFO 8840 --- [http-nio-8087-exec-10] i.p.e.controller.EmployeeController      : Getting all Employees ...
2020-09-07 11:02:54.090  INFO 8840 --- [http-nio-8087-exec-9] i.p.e.controller.EmployeeController      : Getting all Employees ...
2020-09-07 11:02:56.098  INFO 8840 --- [http-nio-8087-exec-8] i.p.e.controller.EmployeeController      : Getting all Employees ...
2020-09-07 11:03:05.632  INFO 8840 --- [http-nio-8087-exec-7] i.p.e.controller.EmployeeController      : Getting all Employees ...
2020-09-07 11:03:07.248  INFO 8840 --- [http-nio-8087-exec-6] i.p.e.controller.EmployeeController      : Getting all Employees ...
2020-09-07 11:03:08.681  INFO 8840 --- [http-nio-8087-exec-5] i.p.e.controller.EmployeeController      : Getting all Employees ...
2020-09-07 11:03:13.091  INFO 8840 --- [http-nio-8087-exec-4] i.p.e.controller.EmployeeController      : Getting all Employees ...
2020-09-07 11:03:15.129  INFO 8840 --- [http-nio-8087-exec-3] i.p.e.controller.EmployeeController      : Getting all Employees ...
2020-09-07 11:03:16.890  INFO 8840 --- [http-nio-8087-exec-2] i.p.e.controller.EmployeeController      : Getting all Employees ...
2020-09-07 11:03:17.804  INFO 8840 --- [http-nio-8087-exec-1] i.p.e.controller.EmployeeController      : Getting all Employees ...
2020-09-07 11:03:18.753  INFO 8840 --- [http-nio-8087-exec-10] i.p.e.controller.EmployeeController      : Getting all Employees ...
2020-09-07 11:03:20.193  INFO 8840 --- [http-nio-8087-exec-9] i.p.e.controller.EmployeeController      : Getting all Employees ...
2020-09-07 11:03:20.832  INFO 8840 --- [http-nio-8087-exec-8] i.p.e.controller.EmployeeController      : Getting all Employees ...
2020-09-07 11:03:21.795  INFO 8840 --- [http-nio-8087-exec-7] i.p.e.controller.EmployeeController      : Getting all Employees ...
2020-09-07 11:06:11.287  INFO 8840 --- [AsyncResolver-bootstrap-executor-0] c.n.d.s.r.aws.ConfigClusterResolver      : Resolving eureka endpoints via configuration
2020-09-07 11:10:04.459  INFO 8840 --- [http-nio-8087-exec-5] i.p.e.controller.EmployeeController      : Getting all Employees ...
2020-09-07 11:10:08.203  INFO 8840 --- [http-nio-8087-exec-4] i.p.e.controller.EmployeeController      : Getting all Employees ...
2020-09-07 11:11:11.289  INFO 8840 --- [AsyncResolver-bootstrap-executor-0] c.n.d.s.r.aws.ConfigClusterResolver      : Resolving eureka endpoints via configuration
2020-09-07 11:14:35.671  INFO 8840 --- [http-nio-8087-exec-3] i.p.e.controller.EmployeeController      : Add Employee ...
2020-09-07 11:14:35.716  INFO 8840 --- [http-nio-8087-exec-2] i.p.e.controller.EmployeeController      : Getting all Employees ...
2020-09-07 11:15:47.643  INFO 8840 --- [http-nio-8087-exec-10] i.p.e.controller.EmployeeController      : Getting all Employees ...
2020-09-07 11:15:52.212  INFO 8840 --- [http-nio-8087-exec-9] i.p.e.controller.EmployeeController      : Getting all Employees ...
2020-09-07 11:16:11.297  INFO 8840 --- [AsyncResolver-bootstrap-executor-0] c.n.d.s.r.aws.ConfigClusterResolver      : Resolving eureka endpoints via configuration
2020-09-07 11:16:30.802  INFO 8840 --- [http-nio-8087-exec-8] i.p.e.controller.EmployeeController      : Getting all Employees ...
2020-09-07 11:21:11.300  INFO 8840 --- [AsyncResolver-bootstrap-executor-0] c.n.d.s.r.aws.ConfigClusterResolver      : Resolving eureka endpoints via configuration
2020-09-07 11:23:24.980  INFO 8840 --- [http-nio-8087-exec-6] i.p.e.controller.EmployeeController      : Getting all Employees ...
2020-09-07 11:23:28.720  INFO 8840 --- [http-nio-8087-exec-5] i.p.e.controller.EmployeeController      : Getting all Employees ...
2020-09-07 11:23:38.177  INFO 8840 --- [http-nio-8087-exec-4] i.p.e.controller.EmployeeController      : Update Employee ...
2020-09-07 11:23:38.240  INFO 8840 --- [http-nio-8087-exec-3] i.p.e.controller.EmployeeController      : Getting all Employees ...
2020-09-07 11:26:11.312  INFO 8840 --- [AsyncResolver-bootstrap-executor-0] c.n.d.s.r.aws.ConfigClusterResolver      : Resolving eureka endpoints via configuration
2020-09-07 11:31:11.324  INFO 8840 --- [AsyncResolver-bootstrap-executor-0] c.n.d.s.r.aws.ConfigClusterResolver      : Resolving eureka endpoints via configuration
2020-09-07 11:33:07.997  INFO 8840 --- [http-nio-8087-exec-1] i.p.e.controller.EmployeeController      : Getting all Employees ...
2020-09-07 11:34:11.313  INFO 8840 --- [http-nio-8087-exec-10] i.p.e.controller.EmployeeController      : Getting all Employees ...
2020-09-07 11:34:12.649  INFO 8840 --- [http-nio-8087-exec-9] i.p.e.controller.EmployeeController      : Getting all Employees ...
2020-09-07 11:36:11.327  INFO 8840 --- [AsyncResolver-bootstrap-executor-0] c.n.d.s.r.aws.ConfigClusterResolver      : Resolving eureka endpoints via configuration
2020-09-07 11:37:14.644  INFO 8840 --- [http-nio-8087-exec-7] i.p.e.controller.EmployeeController      : Getting all Employees ...
2020-09-07 11:37:17.198  INFO 8840 --- [http-nio-8087-exec-6] i.p.e.controller.EmployeeController      : Getting all Employees ...
2020-09-07 11:37:31.835  INFO 8840 --- [http-nio-8087-exec-5] i.p.e.controller.EmployeeController      : Update Employee ...
2020-09-07 11:37:31.874  INFO 8840 --- [http-nio-8087-exec-4] i.p.e.controller.EmployeeController      : Getting all Employees ...
2020-09-07 11:37:39.506  INFO 8840 --- [http-nio-8087-exec-3] i.p.e.controller.EmployeeController      : Getting all Employees ...
2020-09-07 11:37:51.990  INFO 8840 --- [http-nio-8087-exec-2] i.p.e.controller.EmployeeController      : Update Employee ...
2020-09-07 11:37:52.041  INFO 8840 --- [http-nio-8087-exec-1] i.p.e.controller.EmployeeController      : Getting all Employees ...
2020-09-07 11:37:57.332  INFO 8840 --- [http-nio-8087-exec-10] i.p.e.controller.EmployeeController      : Getting all Employees ...
2020-09-07 11:39:16.218  INFO 8840 --- [http-nio-8087-exec-9] i.p.e.controller.EmployeeController      : Getting all Employees ...
2020-09-07 11:39:19.730  INFO 8840 --- [http-nio-8087-exec-8] i.p.e.controller.EmployeeController      : Getting all Employees ...
2020-09-07 11:39:52.294  INFO 8840 --- [http-nio-8087-exec-7] i.p.e.controller.EmployeeController      : Add Employee ...
2020-09-07 11:39:52.336  INFO 8840 --- [http-nio-8087-exec-6] i.p.e.controller.EmployeeController      : Getting all Employees ...
2020-09-07 11:39:56.417  INFO 8840 --- [http-nio-8087-exec-5] i.p.e.controller.EmployeeController      : Getting all Employees ...
2020-09-07 11:39:58.940  INFO 8840 --- [http-nio-8087-exec-4] i.p.e.controller.EmployeeController      : Getting all Employees ...
2020-09-07 11:40:00.967  INFO 8840 --- [http-nio-8087-exec-3] i.p.e.controller.EmployeeController      : Getting all Employees ...
2020-09-07 11:40:32.472  INFO 8840 --- [http-nio-8087-exec-2] i.p.e.controller.EmployeeController      : Update Employee ...
2020-09-07 11:40:32.510  INFO 8840 --- [http-nio-8087-exec-1] i.p.e.controller.EmployeeController      : Getting all Employees ...
2020-09-07 11:41:11.337  INFO 8840 --- [AsyncResolver-bootstrap-executor-0] c.n.d.s.r.aws.ConfigClusterResolver      : Resolving eureka endpoints via configuration
2020-09-07 11:42:45.479  INFO 8840 --- [http-nio-8087-exec-9] i.p.e.controller.EmployeeController      : Getting all Employees ...
2020-09-07 11:45:05.278  INFO 8840 --- [http-nio-8087-exec-7] i.p.e.controller.EmployeeController      : Getting all Employees ...
2020-09-07 11:45:07.965  INFO 8840 --- [http-nio-8087-exec-6] i.p.e.controller.EmployeeController      : Getting all Employees ...
2020-09-07 11:45:20.086  INFO 8840 --- [http-nio-8087-exec-5] i.p.e.controller.EmployeeController      : Getting all Employees ...
2020-09-07 11:45:42.475  INFO 8840 --- [http-nio-8087-exec-4] i.p.e.controller.EmployeeController      : Getting all Employees ...
2020-09-07 11:46:03.220  INFO 8840 --- [http-nio-8087-exec-3] i.p.e.controller.EmployeeController      : Update Employee ...
2020-09-07 11:46:03.265  INFO 8840 --- [http-nio-8087-exec-2] i.p.e.controller.EmployeeController      : Getting all Employees ...
2020-09-07 11:46:11.342  INFO 8840 --- [AsyncResolver-bootstrap-executor-0] c.n.d.s.r.aws.ConfigClusterResolver      : Resolving eureka endpoints via configuration
2020-09-07 11:46:18.147  INFO 8840 --- [http-nio-8087-exec-1] i.p.e.controller.EmployeeController      : Update Employee ...
2020-09-07 11:46:18.195  INFO 8840 --- [http-nio-8087-exec-10] i.p.e.controller.EmployeeController      : Getting all Employees ...
2020-09-07 11:46:20.217  INFO 8840 --- [http-nio-8087-exec-9] i.p.e.controller.EmployeeController      : Deleting a single Employee with deptId and EmployeeId...
2020-09-07 11:46:20.259  INFO 8840 --- [http-nio-8087-exec-8] i.p.e.controller.EmployeeController      : Getting all Employees ...
2020-09-07 11:46:23.793  INFO 8840 --- [http-nio-8087-exec-7] i.p.e.controller.EmployeeController      : Getting all Employees ...
2020-09-07 11:46:25.945  INFO 8840 --- [http-nio-8087-exec-6] i.p.e.controller.EmployeeController      : Getting all Employees ...
2020-09-07 11:46:28.594  INFO 8840 --- [http-nio-8087-exec-5] i.p.e.controller.EmployeeController      : Getting all Employees ...
2020-09-07 11:51:11.352  INFO 8840 --- [AsyncResolver-bootstrap-executor-0] c.n.d.s.r.aws.ConfigClusterResolver      : Resolving eureka endpoints via configuration
2020-09-07 11:51:38.951  INFO 8840 --- [http-nio-8087-exec-3] i.p.e.controller.EmployeeController      : Getting all Employees ...
2020-09-07 11:52:01.978  INFO 8840 --- [http-nio-8087-exec-2] i.p.e.controller.EmployeeController      : Getting all Employees ...
2020-09-07 11:52:28.909  INFO 8840 --- [http-nio-8087-exec-1] i.p.e.controller.EmployeeController      : Add Employee ...
2020-09-07 11:52:28.946  INFO 8840 --- [http-nio-8087-exec-10] i.p.e.controller.EmployeeController      : Getting all Employees ...
2020-09-07 11:52:34.664  INFO 8840 --- [http-nio-8087-exec-9] i.p.e.controller.EmployeeController      : Getting all Employees ...
2020-09-07 11:53:22.625  INFO 8840 --- [http-nio-8087-exec-8] i.p.e.controller.EmployeeController      : Update Employee ...
2020-09-07 11:53:22.657  INFO 8840 --- [http-nio-8087-exec-7] i.p.e.controller.EmployeeController      : Getting all Employees ...
2020-09-07 11:53:25.970  INFO 8840 --- [http-nio-8087-exec-6] i.p.e.controller.EmployeeController      : Getting all Employees ...
2020-09-07 11:55:51.656  INFO 8840 --- [http-nio-8087-exec-4] i.p.e.controller.EmployeeController      : Update Employee ...
2020-09-07 11:55:51.698  INFO 8840 --- [http-nio-8087-exec-3] i.p.e.controller.EmployeeController      : Getting all Employees ...
2020-09-07 11:55:54.420  INFO 8840 --- [http-nio-8087-exec-2] i.p.e.controller.EmployeeController      : Getting all Employees ...
2020-09-07 11:56:11.357  INFO 8840 --- [AsyncResolver-bootstrap-executor-0] c.n.d.s.r.aws.ConfigClusterResolver      : Resolving eureka endpoints via configuration
2020-09-07 11:59:01.894  WARN 8840 --- [HikariPool-1 housekeeper] com.zaxxer.hikari.pool.HikariPool        : HikariPool-1 - Thread starvation or clock leap detected (housekeeper delta=1m29s594ms198µs900ns).
2020-09-07 12:02:06.055  INFO 8840 --- [AsyncResolver-bootstrap-executor-0] c.n.d.s.r.aws.ConfigClusterResolver      : Resolving eureka endpoints via configuration
2020-09-07 12:07:06.065  INFO 8840 --- [AsyncResolver-bootstrap-executor-0] c.n.d.s.r.aws.ConfigClusterResolver      : Resolving eureka endpoints via configuration
2020-09-07 12:10:30.285  INFO 8840 --- [http-nio-8087-exec-1] i.p.e.controller.EmployeeController      : Getting all Employees ...
2020-09-07 12:10:32.752  INFO 8840 --- [http-nio-8087-exec-10] i.p.e.controller.EmployeeController      : Getting all Employees ...
2020-09-07 12:10:34.280  INFO 8840 --- [http-nio-8087-exec-9] i.p.e.controller.EmployeeController      : Getting all Employees ...
2020-09-07 12:10:35.551  INFO 8840 --- [http-nio-8087-exec-8] i.p.e.controller.EmployeeController      : Getting all Employees ...
2020-09-07 12:10:36.708  INFO 8840 --- [http-nio-8087-exec-7] i.p.e.controller.EmployeeController      : Getting all Employees ...
2020-09-07 12:10:37.825  INFO 8840 --- [http-nio-8087-exec-6] i.p.e.controller.EmployeeController      : Getting all Employees ...
2020-09-07 12:10:39.057  INFO 8840 --- [http-nio-8087-exec-5] i.p.e.controller.EmployeeController      : Getting all Employees ...
2020-09-07 12:10:40.274  INFO 8840 --- [http-nio-8087-exec-4] i.p.e.controller.EmployeeController      : Getting all Employees ...
2020-09-07 12:10:41.853  INFO 8840 --- [http-nio-8087-exec-3] i.p.e.controller.EmployeeController      : Getting all Employees ...
2020-09-07 12:10:55.180  INFO 8840 --- [http-nio-8087-exec-2] i.p.e.controller.EmployeeController      : Delete All Employees with deptId ...
2020-09-07 12:11:02.185  INFO 8840 --- [http-nio-8087-exec-1] i.p.e.controller.EmployeeController      : Delete All Employees with deptId ...
2020-09-07 12:11:07.780  INFO 8840 --- [http-nio-8087-exec-10] i.p.e.controller.EmployeeController      : Delete All Employees with deptId ...
2020-09-07 12:12:06.067  INFO 8840 --- [AsyncResolver-bootstrap-executor-0] c.n.d.s.r.aws.ConfigClusterResolver      : Resolving eureka endpoints via configuration
2020-09-07 12:14:00.476  INFO 8840 --- [http-nio-8087-exec-8] i.p.e.controller.EmployeeController      : Getting all Employees ...
2020-09-07 12:14:05.420  INFO 8840 --- [http-nio-8087-exec-7] i.p.e.controller.EmployeeController      : Getting all Employees ...
2020-09-07 12:14:29.047  INFO 8840 --- [http-nio-8087-exec-6] i.p.e.controller.EmployeeController      : Update Employee ...
2020-09-07 12:14:29.071  INFO 8840 --- [http-nio-8087-exec-5] i.p.e.controller.EmployeeController      : Getting all Employees ...
2020-09-07 12:14:31.057  INFO 8840 --- [http-nio-8087-exec-4] i.p.e.controller.EmployeeController      : Getting all Employees ...
2020-09-07 12:15:05.147  INFO 8840 --- [http-nio-8087-exec-3] i.p.e.controller.EmployeeController      : Update Employee ...
2020-09-07 12:15:05.166  INFO 8840 --- [http-nio-8087-exec-2] i.p.e.controller.EmployeeController      : Getting all Employees ...
2020-09-07 12:15:07.928  INFO 8840 --- [http-nio-8087-exec-1] i.p.e.controller.EmployeeController      : Getting all Employees ...
2020-09-07 12:17:06.068  INFO 8840 --- [AsyncResolver-bootstrap-executor-0] c.n.d.s.r.aws.ConfigClusterResolver      : Resolving eureka endpoints via configuration
2020-09-07 12:20:01.791  INFO 8840 --- [http-nio-8087-exec-10] i.p.e.controller.EmployeeController      : Getting all Employees ...
2020-09-07 12:20:04.677  INFO 8840 --- [http-nio-8087-exec-9] i.p.e.controller.EmployeeController      : Getting all Employees ...
2020-09-07 12:22:06.071  INFO 8840 --- [AsyncResolver-bootstrap-executor-0] c.n.d.s.r.aws.ConfigClusterResolver      : Resolving eureka endpoints via configuration
2020-09-07 12:23:23.799  INFO 8840 --- [http-nio-8087-exec-7] i.p.e.controller.EmployeeController      : Getting all Employees ...
2020-09-07 12:27:06.073  INFO 8840 --- [AsyncResolver-bootstrap-executor-0] c.n.d.s.r.aws.ConfigClusterResolver      : Resolving eureka endpoints via configuration
2020-09-07 12:32:06.076  INFO 8840 --- [AsyncResolver-bootstrap-executor-0] c.n.d.s.r.aws.ConfigClusterResolver      : Resolving eureka endpoints via configuration
2020-09-07 12:32:07.582  INFO 8840 --- [http-nio-8087-exec-6] i.p.e.controller.EmployeeController      : Getting all Employees ...
2020-09-07 12:32:11.185  INFO 8840 --- [http-nio-8087-exec-5] i.p.e.controller.EmployeeController      : Getting all Employees ...
2020-09-07 12:32:47.960  INFO 8840 --- [http-nio-8087-exec-4] i.p.e.controller.EmployeeController      : Update Employee ...
2020-09-07 12:32:47.981  INFO 8840 --- [http-nio-8087-exec-3] i.p.e.controller.EmployeeController      : Getting all Employees ...
2020-09-07 12:32:49.818  INFO 8840 --- [http-nio-8087-exec-2] i.p.e.controller.EmployeeController      : Getting all Employees ...
2020-09-07 12:33:12.425  INFO 8840 --- [http-nio-8087-exec-1] i.p.e.controller.EmployeeController      : Getting all Employees ...
2020-09-07 12:33:14.759  INFO 8840 --- [http-nio-8087-exec-10] i.p.e.controller.EmployeeController      : Getting all Employees ...
2020-09-07 12:34:39.110  INFO 8840 --- [http-nio-8087-exec-9] i.p.e.controller.EmployeeController      : Getting all Employees ...
2020-09-07 12:34:43.643  INFO 8840 --- [http-nio-8087-exec-8] i.p.e.controller.EmployeeController      : Getting all Employees ...
2020-09-07 12:35:01.911  INFO 8840 --- [http-nio-8087-exec-7] i.p.e.controller.EmployeeController      : Update Employee ...
2020-09-07 12:35:01.941  INFO 8840 --- [http-nio-8087-exec-6] i.p.e.controller.EmployeeController      : Getting all Employees ...
2020-09-07 12:35:04.556  INFO 8840 --- [http-nio-8087-exec-5] i.p.e.controller.EmployeeController      : Getting all Employees ...
2020-09-07 12:36:09.273  INFO 8840 --- [http-nio-8087-exec-4] i.p.e.controller.EmployeeController      : Update Employee ...
2020-09-07 12:36:09.298  INFO 8840 --- [http-nio-8087-exec-3] i.p.e.controller.EmployeeController      : Getting all Employees ...
2020-09-07 12:36:11.906  INFO 8840 --- [http-nio-8087-exec-2] i.p.e.controller.EmployeeController      : Getting all Employees ...
2020-09-07 12:36:21.975  INFO 8840 --- [http-nio-8087-exec-1] i.p.e.controller.EmployeeController      : Update Employee ...
2020-09-07 12:36:22.002  INFO 8840 --- [http-nio-8087-exec-10] i.p.e.controller.EmployeeController      : Getting all Employees ...
2020-09-07 12:36:23.995  INFO 8840 --- [http-nio-8087-exec-9] i.p.e.controller.EmployeeController      : Getting all Employees ...
2020-09-07 12:36:42.926  INFO 8840 --- [http-nio-8087-exec-8] i.p.e.controller.EmployeeController      : Update Employee ...
2020-09-07 12:36:42.952  INFO 8840 --- [http-nio-8087-exec-7] i.p.e.controller.EmployeeController      : Getting all Employees ...
2020-09-07 12:36:48.567  INFO 8840 --- [http-nio-8087-exec-6] i.p.e.controller.EmployeeController      : Getting all Employees ...
2020-09-07 12:37:06.087  INFO 8840 --- [AsyncResolver-bootstrap-executor-0] c.n.d.s.r.aws.ConfigClusterResolver      : Resolving eureka endpoints via configuration
2020-09-07 12:37:21.109  INFO 8840 --- [http-nio-8087-exec-5] i.p.e.controller.EmployeeController      : Update Employee ...
2020-09-07 12:37:21.136  INFO 8840 --- [http-nio-8087-exec-4] i.p.e.controller.EmployeeController      : Getting all Employees ...
2020-09-07 12:37:23.202  INFO 8840 --- [http-nio-8087-exec-3] i.p.e.controller.EmployeeController      : Getting all Employees ...
2020-09-07 12:42:06.089  INFO 8840 --- [AsyncResolver-bootstrap-executor-0] c.n.d.s.r.aws.ConfigClusterResolver      : Resolving eureka endpoints via configuration
2020-09-07 12:47:06.091  INFO 8840 --- [AsyncResolver-bootstrap-executor-0] c.n.d.s.r.aws.ConfigClusterResolver      : Resolving eureka endpoints via configuration
2020-09-07 12:52:06.093  INFO 8840 --- [AsyncResolver-bootstrap-executor-0] c.n.d.s.r.aws.ConfigClusterResolver      : Resolving eureka endpoints via configuration
2020-09-07 12:57:06.096  INFO 8840 --- [AsyncResolver-bootstrap-executor-0] c.n.d.s.r.aws.ConfigClusterResolver      : Resolving eureka endpoints via configuration
2020-09-07 13:32:17.706  WARN 8840 --- [HikariPool-1 housekeeper] com.zaxxer.hikari.pool.HikariPool        : HikariPool-1 - Thread starvation or clock leap detected (housekeeper delta=33m15s647ms74µs500ns).
2020-09-07 13:34:31.749  INFO 8840 --- [http-nio-8087-exec-1] i.p.e.controller.EmployeeController      : Delete All Employees with deptId ...
2020-09-07 13:34:36.072  INFO 8840 --- [http-nio-8087-exec-10] i.p.e.controller.EmployeeController      : Delete All Employees with deptId ...
2020-09-07 13:34:51.740  INFO 8840 --- [AsyncResolver-bootstrap-executor-0] c.n.d.s.r.aws.ConfigClusterResolver      : Resolving eureka endpoints via configuration
2020-09-07 13:35:27.386  INFO 8840 --- [http-nio-8087-exec-9] i.p.e.controller.EmployeeController      : Getting all Employees ...
2020-09-07 13:35:42.196  INFO 8840 --- [http-nio-8087-exec-8] i.p.e.controller.EmployeeController      : Update Employee ...
2020-09-07 13:35:42.221  INFO 8840 --- [http-nio-8087-exec-7] i.p.e.controller.EmployeeController      : Getting all Employees ...
2020-09-07 13:37:47.499  INFO 8840 --- [http-nio-8087-exec-6] i.p.e.controller.EmployeeController      : Getting all Employees ...
2020-09-07 13:37:58.642  INFO 8840 --- [http-nio-8087-exec-5] i.p.e.controller.EmployeeController      : Update Employee ...
2020-09-07 13:37:58.664  INFO 8840 --- [http-nio-8087-exec-4] i.p.e.controller.EmployeeController      : Getting all Employees ...
2020-09-07 13:38:02.661  INFO 8840 --- [http-nio-8087-exec-3] i.p.e.controller.EmployeeController      : Getting all Employees ...
2020-09-07 13:39:51.743  INFO 8840 --- [AsyncResolver-bootstrap-executor-0] c.n.d.s.r.aws.ConfigClusterResolver      : Resolving eureka endpoints via configuration
2020-09-07 13:44:51.760  INFO 8840 --- [AsyncResolver-bootstrap-executor-0] c.n.d.s.r.aws.ConfigClusterResolver      : Resolving eureka endpoints via configuration
2020-09-07 13:49:51.764  INFO 8840 --- [AsyncResolver-bootstrap-executor-0] c.n.d.s.r.aws.ConfigClusterResolver      : Resolving eureka endpoints via configuration
2020-09-07 13:50:13.848  INFO 8840 --- [http-nio-8087-exec-1] i.p.e.controller.EmployeeController      : Getting all Employees ...
2020-09-07 13:50:19.954  INFO 8840 --- [http-nio-8087-exec-10] i.p.e.controller.EmployeeController      : Getting all Employees ...
2020-09-07 13:50:29.715  INFO 8840 --- [http-nio-8087-exec-9] i.p.e.controller.EmployeeController      : Update Employee ...
2020-09-07 13:50:29.739  INFO 8840 --- [http-nio-8087-exec-8] i.p.e.controller.EmployeeController      : Getting all Employees ...
2020-09-07 13:50:32.536  INFO 8840 --- [http-nio-8087-exec-7] i.p.e.controller.EmployeeController      : Getting all Employees ...
2020-09-07 13:50:40.375  INFO 8840 --- [http-nio-8087-exec-6] i.p.e.controller.EmployeeController      : Update Employee ...
2020-09-07 13:50:40.402  INFO 8840 --- [http-nio-8087-exec-5] i.p.e.controller.EmployeeController      : Getting all Employees ...
2020-09-07 13:50:42.826  INFO 8840 --- [http-nio-8087-exec-4] i.p.e.controller.EmployeeController      : Getting all Employees ...
2020-09-07 13:51:28.418  INFO 8840 --- [http-nio-8087-exec-3] i.p.e.controller.EmployeeController      : Update Employee ...
2020-09-07 13:51:28.436  INFO 8840 --- [http-nio-8087-exec-2] i.p.e.controller.EmployeeController      : Getting all Employees ...
2020-09-07 13:51:31.704  INFO 8840 --- [http-nio-8087-exec-1] i.p.e.controller.EmployeeController      : Getting all Employees ...
2020-09-07 13:51:53.554  INFO 8840 --- [http-nio-8087-exec-10] i.p.e.controller.EmployeeController      : Update Employee ...
2020-09-07 13:51:53.580  INFO 8840 --- [http-nio-8087-exec-9] i.p.e.controller.EmployeeController      : Getting all Employees ...
2020-09-07 13:51:55.954  INFO 8840 --- [http-nio-8087-exec-8] i.p.e.controller.EmployeeController      : Getting all Employees ...
2020-09-07 13:54:51.775  INFO 8840 --- [AsyncResolver-bootstrap-executor-0] c.n.d.s.r.aws.ConfigClusterResolver      : Resolving eureka endpoints via configuration
2020-09-07 13:59:51.788  INFO 8840 --- [AsyncResolver-bootstrap-executor-0] c.n.d.s.r.aws.ConfigClusterResolver      : Resolving eureka endpoints via configuration
2020-09-07 14:00:39.869  INFO 8840 --- [http-nio-8087-exec-6] i.p.e.controller.EmployeeController      : Delete All Employees with deptId ...
2020-09-07 14:00:48.416  INFO 8840 --- [http-nio-8087-exec-5] i.p.e.controller.EmployeeController      : Getting all Employees ...
2020-09-07 14:00:51.752  INFO 8840 --- [http-nio-8087-exec-4] i.p.e.controller.EmployeeController      : Getting all Employees ...
2020-09-07 14:00:53.831  INFO 8840 --- [http-nio-8087-exec-3] i.p.e.controller.EmployeeController      : Getting all Employees ...
2020-09-07 14:00:56.116  INFO 8840 --- [http-nio-8087-exec-2] i.p.e.controller.EmployeeController      : Getting all Employees ...
2020-09-07 14:00:57.277  INFO 8840 --- [http-nio-8087-exec-1] i.p.e.controller.EmployeeController      : Getting all Employees ...
2020-09-07 14:00:58.413  INFO 8840 --- [http-nio-8087-exec-10] i.p.e.controller.EmployeeController      : Getting all Employees ...
2020-09-07 14:01:00.131  INFO 8840 --- [http-nio-8087-exec-9] i.p.e.controller.EmployeeController      : Getting all Employees ...
2020-09-07 14:01:04.308  INFO 8840 --- [http-nio-8087-exec-8] i.p.e.controller.EmployeeController      : Getting all Employees ...
2020-09-07 14:01:09.277  INFO 8840 --- [http-nio-8087-exec-7] i.p.e.controller.EmployeeController      : Getting all Employees ...
2020-09-07 14:01:54.951  INFO 8840 --- [http-nio-8087-exec-6] i.p.e.controller.EmployeeController      : Update Employee ...
2020-09-07 14:01:54.996  INFO 8840 --- [http-nio-8087-exec-5] i.p.e.controller.EmployeeController      : Getting all Employees ...
2020-09-07 14:01:57.288  INFO 8840 --- [http-nio-8087-exec-4] i.p.e.controller.EmployeeController      : Getting all Employees ...
2020-09-07 14:02:08.122  INFO 8840 --- [http-nio-8087-exec-3] i.p.e.controller.EmployeeController      : Update Employee ...
2020-09-07 14:02:08.170  INFO 8840 --- [http-nio-8087-exec-2] i.p.e.controller.EmployeeController      : Getting all Employees ...
2020-09-07 14:02:11.332  INFO 8840 --- [http-nio-8087-exec-1] i.p.e.controller.EmployeeController      : Getting all Employees ...
2020-09-07 14:02:39.895  INFO 8840 --- [http-nio-8087-exec-10] i.p.e.controller.EmployeeController      : Update Employee ...
2020-09-07 14:02:39.928  INFO 8840 --- [http-nio-8087-exec-9] i.p.e.controller.EmployeeController      : Getting all Employees ...
2020-09-07 14:04:51.791  INFO 8840 --- [AsyncResolver-bootstrap-executor-0] c.n.d.s.r.aws.ConfigClusterResolver      : Resolving eureka endpoints via configuration
2020-09-07 14:06:18.637  INFO 8840 --- [http-nio-8087-exec-8] i.p.e.controller.EmployeeController      : Getting all Employees ...
2020-09-07 14:06:29.408  INFO 8840 --- [http-nio-8087-exec-7] i.p.e.controller.EmployeeController      : Update Employee ...
2020-09-07 14:06:29.461  INFO 8840 --- [http-nio-8087-exec-6] i.p.e.controller.EmployeeController      : Getting all Employees ...
2020-09-07 14:06:31.468  INFO 8840 --- [http-nio-8087-exec-5] i.p.e.controller.EmployeeController      : Getting all Employees ...
2020-09-07 14:06:38.918  INFO 8840 --- [http-nio-8087-exec-4] i.p.e.controller.EmployeeController      : Deleting a single Employee with deptId and EmployeeId...
2020-09-07 14:06:38.975  INFO 8840 --- [http-nio-8087-exec-3] i.p.e.controller.EmployeeController      : Getting all Employees ...
2020-09-07 14:06:43.093  INFO 8840 --- [http-nio-8087-exec-2] i.p.e.controller.EmployeeController      : Deleting a single Employee with deptId and EmployeeId...
2020-09-07 14:06:43.143  INFO 8840 --- [http-nio-8087-exec-1] i.p.e.controller.EmployeeController      : Getting all Employees ...
2020-09-07 14:07:32.023  INFO 8840 --- [http-nio-8087-exec-10] i.p.e.controller.EmployeeController      : Add Employee ...
2020-09-07 14:07:32.059  INFO 8840 --- [http-nio-8087-exec-9] i.p.e.controller.EmployeeController      : Getting all Employees ...
2020-09-07 14:07:36.977  INFO 8840 --- [http-nio-8087-exec-8] i.p.e.controller.EmployeeController      : Getting all Employees ...
2020-09-07 14:07:39.807  INFO 8840 --- [http-nio-8087-exec-7] i.p.e.controller.EmployeeController      : Getting all Employees ...
2020-09-07 14:07:44.985  INFO 8840 --- [http-nio-8087-exec-6] i.p.e.controller.EmployeeController      : Getting all Employees ...
2020-09-07 14:08:02.322  INFO 8840 --- [http-nio-8087-exec-5] i.p.e.controller.EmployeeController      : Add Employee ...
2020-09-07 14:08:02.349  INFO 8840 --- [http-nio-8087-exec-4] i.p.e.controller.EmployeeController      : Getting all Employees ...
2020-09-07 14:08:07.172  INFO 8840 --- [http-nio-8087-exec-3] i.p.e.controller.EmployeeController      : Getting all Employees ...
2020-09-07 14:08:14.412  INFO 8840 --- [http-nio-8087-exec-2] i.p.e.controller.EmployeeController      : Update Employee ...
2020-09-07 14:08:14.444  INFO 8840 --- [http-nio-8087-exec-1] i.p.e.controller.EmployeeController      : Getting all Employees ...
2020-09-07 14:08:16.446  INFO 8840 --- [http-nio-8087-exec-10] i.p.e.controller.EmployeeController      : Getting all Employees ...
2020-09-07 14:08:25.017  INFO 8840 --- [http-nio-8087-exec-9] i.p.e.controller.EmployeeController      : Update Employee ...
2020-09-07 14:08:25.077  INFO 8840 --- [http-nio-8087-exec-8] i.p.e.controller.EmployeeController      : Getting all Employees ...
2020-09-07 14:08:29.879  INFO 8840 --- [http-nio-8087-exec-7] i.p.e.controller.EmployeeController      : Getting all Employees ...
2020-09-07 14:08:38.403  INFO 8840 --- [http-nio-8087-exec-6] i.p.e.controller.EmployeeController      : Deleting a single Employee with deptId and EmployeeId...
2020-09-07 14:08:38.429  INFO 8840 --- [http-nio-8087-exec-5] i.p.e.controller.EmployeeController      : Getting all Employees ...
2020-09-07 14:08:42.061  INFO 8840 --- [http-nio-8087-exec-4] i.p.e.controller.EmployeeController      : Getting all Employees ...
2020-09-07 14:09:51.794  INFO 8840 --- [AsyncResolver-bootstrap-executor-0] c.n.d.s.r.aws.ConfigClusterResolver      : Resolving eureka endpoints via configuration
2020-09-07 14:14:51.797  INFO 8840 --- [AsyncResolver-bootstrap-executor-0] c.n.d.s.r.aws.ConfigClusterResolver      : Resolving eureka endpoints via configuration
2020-09-07 14:19:51.798  INFO 8840 --- [AsyncResolver-bootstrap-executor-0] c.n.d.s.r.aws.ConfigClusterResolver      : Resolving eureka endpoints via configuration
2020-09-07 14:24:51.808  INFO 8840 --- [AsyncResolver-bootstrap-executor-0] c.n.d.s.r.aws.ConfigClusterResolver      : Resolving eureka endpoints via configuration
2020-09-07 14:29:51.816  INFO 8840 --- [AsyncResolver-bootstrap-executor-0] c.n.d.s.r.aws.ConfigClusterResolver      : Resolving eureka endpoints via configuration
2020-09-07 14:30:52.856  INFO 8840 --- [http-nio-8087-exec-2] i.p.e.controller.EmployeeController      : Getting all Employees ...
2020-09-07 14:30:56.002  INFO 8840 --- [http-nio-8087-exec-1] i.p.e.controller.EmployeeController      : Getting all Employees ...
2020-09-07 14:31:12.309  INFO 8840 --- [http-nio-8087-exec-10] i.p.e.controller.EmployeeController      : Update Employee ...
2020-09-07 14:31:12.361  INFO 8840 --- [http-nio-8087-exec-9] i.p.e.controller.EmployeeController      : Getting all Employees ...
2020-09-07 14:31:16.777  INFO 8840 --- [http-nio-8087-exec-8] i.p.e.controller.EmployeeController      : Getting all Employees ...
2020-09-07 14:31:57.796  INFO 8840 --- [http-nio-8087-exec-7] i.p.e.controller.EmployeeController      : Update Employee ...
2020-09-07 14:31:57.863  INFO 8840 --- [http-nio-8087-exec-6] i.p.e.controller.EmployeeController      : Getting all Employees ...
2020-09-07 14:32:03.246  INFO 8840 --- [http-nio-8087-exec-5] i.p.e.controller.EmployeeController      : Getting all Employees ...
2020-09-07 14:32:24.938  INFO 8840 --- [http-nio-8087-exec-4] i.p.e.controller.EmployeeController      : Add Employee ...
2020-09-07 14:32:24.983  INFO 8840 --- [http-nio-8087-exec-3] i.p.e.controller.EmployeeController      : Getting all Employees ...
2020-09-07 14:32:50.344  INFO 8840 --- [http-nio-8087-exec-2] i.p.e.controller.EmployeeController      : Update Employee ...
2020-09-07 14:32:50.381  INFO 8840 --- [http-nio-8087-exec-1] i.p.e.controller.EmployeeController      : Getting all Employees ...
2020-09-07 14:32:52.239  INFO 8840 --- [http-nio-8087-exec-10] i.p.e.controller.EmployeeController      : Getting all Employees ...
2020-09-07 14:34:51.642  INFO 8840 --- [http-nio-8087-exec-8] i.p.e.controller.EmployeeController      : Getting all Employees ...
2020-09-07 14:34:51.820  INFO 8840 --- [AsyncResolver-bootstrap-executor-0] c.n.d.s.r.aws.ConfigClusterResolver      : Resolving eureka endpoints via configuration
2020-09-07 14:34:54.013  INFO 8840 --- [http-nio-8087-exec-7] i.p.e.controller.EmployeeController      : Getting all Employees ...
2020-09-07 14:35:06.390  INFO 8840 --- [http-nio-8087-exec-6] i.p.e.controller.EmployeeController      : Update Employee ...
2020-09-07 14:35:06.414  INFO 8840 --- [http-nio-8087-exec-5] i.p.e.controller.EmployeeController      : Getting all Employees ...
2020-09-07 14:35:08.618  INFO 8840 --- [http-nio-8087-exec-4] i.p.e.controller.EmployeeController      : Getting all Employees ...
2020-09-07 14:39:51.824  INFO 8840 --- [AsyncResolver-bootstrap-executor-0] c.n.d.s.r.aws.ConfigClusterResolver      : Resolving eureka endpoints via configuration
2020-09-07 14:44:51.833  INFO 8840 --- [AsyncResolver-bootstrap-executor-0] c.n.d.s.r.aws.ConfigClusterResolver      : Resolving eureka endpoints via configuration
2020-09-07 14:49:51.846  INFO 8840 --- [AsyncResolver-bootstrap-executor-0] c.n.d.s.r.aws.ConfigClusterResolver      : Resolving eureka endpoints via configuration
2020-09-07 14:54:51.852  INFO 8840 --- [AsyncResolver-bootstrap-executor-0] c.n.d.s.r.aws.ConfigClusterResolver      : Resolving eureka endpoints via configuration
2020-09-07 14:59:51.855  INFO 8840 --- [AsyncResolver-bootstrap-executor-0] c.n.d.s.r.aws.ConfigClusterResolver      : Resolving eureka endpoints via configuration
2020-09-07 15:00:40.597  INFO 8840 --- [http-nio-8087-exec-3] i.p.e.controller.EmployeeController      : Delete All Employees with deptId ...
2020-09-07 15:01:00.640  INFO 8840 --- [http-nio-8087-exec-2] i.p.e.controller.EmployeeController      : Delete All Employees with deptId ...
2020-09-07 15:02:37.403  INFO 8840 --- [http-nio-8087-exec-10] i.p.e.controller.EmployeeController      : Getting all Employees ...
2020-09-07 15:02:43.248  INFO 8840 --- [http-nio-8087-exec-9] i.p.e.controller.EmployeeController      : Getting all Employees ...
2020-09-07 15:03:05.522  INFO 8840 --- [http-nio-8087-exec-8] i.p.e.controller.EmployeeController      : Add Employee ...
2020-09-07 15:04:39.058  INFO 8840 --- [http-nio-8087-exec-6] i.p.e.controller.EmployeeController      : Getting all Employees ...
2020-09-07 15:04:42.293  INFO 8840 --- [http-nio-8087-exec-5] i.p.e.controller.EmployeeController      : Getting all Employees ...
2020-09-07 15:04:51.864  INFO 8840 --- [AsyncResolver-bootstrap-executor-0] c.n.d.s.r.aws.ConfigClusterResolver      : Resolving eureka endpoints via configuration
2020-09-07 15:04:51.987  INFO 8840 --- [http-nio-8087-exec-4] i.p.e.controller.EmployeeController      : Update Employee ...
2020-09-07 15:04:52.009  INFO 8840 --- [http-nio-8087-exec-3] i.p.e.controller.EmployeeController      : Getting all Employees ...
2020-09-07 15:07:24.655  INFO 8840 --- [http-nio-8087-exec-2] i.p.e.controller.EmployeeController      : Getting all Employees ...
2020-09-07 15:07:27.437  INFO 8840 --- [http-nio-8087-exec-1] i.p.e.controller.EmployeeController      : Getting all Employees ...
2020-09-07 15:07:40.976  INFO 8840 --- [http-nio-8087-exec-10] i.p.e.controller.EmployeeController      : Update Employee ...
2020-09-07 15:07:40.997  INFO 8840 --- [http-nio-8087-exec-9] i.p.e.controller.EmployeeController      : Getting all Employees ...
2020-09-07 15:08:01.316  INFO 8840 --- [http-nio-8087-exec-8] i.p.e.controller.EmployeeController      : Add Employee ...
2020-09-07 15:08:01.351  INFO 8840 --- [http-nio-8087-exec-7] i.p.e.controller.EmployeeController      : Getting all Employees ...
2020-09-07 15:08:07.204  INFO 8840 --- [http-nio-8087-exec-6] i.p.e.controller.EmployeeController      : Deleting a single Employee with deptId and EmployeeId...
2020-09-07 15:08:07.244  INFO 8840 --- [http-nio-8087-exec-5] i.p.e.controller.EmployeeController      : Getting all Employees ...
2020-09-07 15:08:30.990  INFO 8840 --- [http-nio-8087-exec-4] i.p.e.controller.EmployeeController      : Getting all Employees ...
2020-09-07 15:08:37.547  INFO 8840 --- [http-nio-8087-exec-3] i.p.e.controller.EmployeeController      : Update Employee ...
2020-09-07 15:08:37.566  INFO 8840 --- [http-nio-8087-exec-2] i.p.e.controller.EmployeeController      : Getting all Employees ...
2020-09-07 15:08:55.125  INFO 8840 --- [http-nio-8087-exec-1] i.p.e.controller.EmployeeController      : Getting all Employees ...
2020-09-07 15:09:51.868  INFO 8840 --- [AsyncResolver-bootstrap-executor-0] c.n.d.s.r.aws.ConfigClusterResolver      : Resolving eureka endpoints via configuration
2020-09-07 15:10:00.238  INFO 8840 --- [http-nio-8087-exec-9] i.p.e.controller.EmployeeController      : Add Employee ...
2020-09-07 15:10:00.267  INFO 8840 --- [http-nio-8087-exec-8] i.p.e.controller.EmployeeController      : Getting all Employees ...
2020-09-07 15:10:21.999  INFO 8840 --- [http-nio-8087-exec-7] i.p.e.controller.EmployeeController      : Getting all Employees ...
2020-09-07 15:10:39.195  INFO 8840 --- [http-nio-8087-exec-6] i.p.e.controller.EmployeeController      : Getting all Employees ...
2020-09-07 15:10:51.273  INFO 8840 --- [http-nio-8087-exec-5] i.p.e.controller.EmployeeController      : Getting all Employees ...
2020-09-07 15:11:27.024  INFO 8840 --- [http-nio-8087-exec-4] i.p.e.controller.EmployeeController      : Add Employee ...
2020-09-07 15:11:27.051  INFO 8840 --- [http-nio-8087-exec-3] i.p.e.controller.EmployeeController      : Getting all Employees ...
2020-09-07 15:11:29.758  INFO 8840 --- [http-nio-8087-exec-2] i.p.e.controller.EmployeeController      : Getting all Employees ...
2020-09-07 15:14:20.896  INFO 8840 --- [http-nio-8087-exec-1] i.p.e.controller.EmployeeController      : Getting all Employees ...
2020-09-07 15:14:24.826  INFO 8840 --- [http-nio-8087-exec-10] i.p.e.controller.EmployeeController      : Getting all Employees ...
2020-09-07 15:14:44.477  INFO 8840 --- [http-nio-8087-exec-9] i.p.e.controller.EmployeeController      : Add Employee ...
2020-09-07 15:14:44.496  INFO 8840 --- [http-nio-8087-exec-8] i.p.e.controller.EmployeeController      : Getting all Employees ...
2020-09-07 15:14:51.062  INFO 8840 --- [http-nio-8087-exec-7] i.p.e.controller.EmployeeController      : Getting all Employees ...
2020-09-07 15:14:51.877  INFO 8840 --- [AsyncResolver-bootstrap-executor-0] c.n.d.s.r.aws.ConfigClusterResolver      : Resolving eureka endpoints via configuration
2020-09-07 15:14:58.174  INFO 8840 --- [http-nio-8087-exec-6] i.p.e.controller.EmployeeController      : Update Employee ...
2020-09-07 15:14:58.200  INFO 8840 --- [http-nio-8087-exec-5] i.p.e.controller.EmployeeController      : Getting all Employees ...
2020-09-07 15:15:00.629  INFO 8840 --- [http-nio-8087-exec-4] i.p.e.controller.EmployeeController      : Getting all Employees ...
2020-09-07 15:15:38.516  INFO 8840 --- [http-nio-8087-exec-3] i.p.e.controller.EmployeeController      : Add Employee ...
2020-09-07 15:15:38.548  INFO 8840 --- [http-nio-8087-exec-2] i.p.e.controller.EmployeeController      : Getting all Employees ...
2020-09-07 15:15:44.080  INFO 8840 --- [http-nio-8087-exec-1] i.p.e.controller.EmployeeController      : Deleting a single Employee with deptId and EmployeeId...
2020-09-07 15:15:44.104  INFO 8840 --- [http-nio-8087-exec-10] i.p.e.controller.EmployeeController      : Getting all Employees ...
2020-09-07 15:15:45.188  INFO 8840 --- [http-nio-8087-exec-9] i.p.e.controller.EmployeeController      : Deleting a single Employee with deptId and EmployeeId...
2020-09-07 15:15:45.209  INFO 8840 --- [http-nio-8087-exec-8] i.p.e.controller.EmployeeController      : Getting all Employees ...
2020-09-07 15:15:47.841  INFO 8840 --- [http-nio-8087-exec-7] i.p.e.controller.EmployeeController      : Getting all Employees ...
2020-09-07 15:15:50.128  INFO 8840 --- [http-nio-8087-exec-6] i.p.e.controller.EmployeeController      : Getting all Employees ...
2020-09-07 15:18:02.483  INFO 8840 --- [http-nio-8087-exec-5] i.p.e.controller.EmployeeController      : Deleting a single Employee with deptId and EmployeeId...
2020-09-07 15:18:02.504  INFO 8840 --- [http-nio-8087-exec-4] i.p.e.controller.EmployeeController      : Getting all Employees ...
2020-09-07 15:18:05.396  INFO 8840 --- [http-nio-8087-exec-3] i.p.e.controller.EmployeeController      : Getting all Employees ...
2020-09-07 15:18:49.667  INFO 8840 --- [http-nio-8087-exec-2] i.p.e.controller.EmployeeController      : Getting all Employees ...
2020-09-07 15:19:07.664  INFO 8840 --- [http-nio-8087-exec-1] i.p.e.controller.EmployeeController      : Add Employee ...
2020-09-07 15:19:07.685  INFO 8840 --- [http-nio-8087-exec-10] i.p.e.controller.EmployeeController      : Getting all Employees ...
2020-09-07 15:19:11.247  INFO 8840 --- [http-nio-8087-exec-9] i.p.e.controller.EmployeeController      : Deleting a single Employee with deptId and EmployeeId...
2020-09-07 15:19:11.265  INFO 8840 --- [http-nio-8087-exec-8] i.p.e.controller.EmployeeController      : Getting all Employees ...
2020-09-07 15:19:14.734  INFO 8840 --- [http-nio-8087-exec-7] i.p.e.controller.EmployeeController      : Getting all Employees ...
2020-09-07 15:19:51.887  INFO 8840 --- [AsyncResolver-bootstrap-executor-0] c.n.d.s.r.aws.ConfigClusterResolver      : Resolving eureka endpoints via configuration
2020-09-07 15:19:58.227  INFO 8840 --- [http-nio-8087-exec-6] i.p.e.controller.EmployeeController      : Add Employee ...
2020-09-07 15:19:58.255  INFO 8840 --- [http-nio-8087-exec-5] i.p.e.controller.EmployeeController      : Getting all Employees ...
2020-09-07 15:20:01.145  INFO 8840 --- [http-nio-8087-exec-4] i.p.e.controller.EmployeeController      : Deleting a single Employee with deptId and EmployeeId...
2020-09-07 15:20:01.161  INFO 8840 --- [http-nio-8087-exec-3] i.p.e.controller.EmployeeController      : Getting all Employees ...
2020-09-07 15:21:43.301  INFO 8840 --- [http-nio-8087-exec-1] i.p.e.controller.EmployeeController      : Getting all Employees ...
2020-09-07 15:21:51.744  INFO 8840 --- [http-nio-8087-exec-10] i.p.e.controller.EmployeeController      : Getting all Employees ...
2020-09-07 15:22:08.402  INFO 8840 --- [http-nio-8087-exec-9] i.p.e.controller.EmployeeController      : Add Employee ...
2020-09-07 15:22:08.432  INFO 8840 --- [http-nio-8087-exec-8] i.p.e.controller.EmployeeController      : Getting all Employees ...
2020-09-07 15:22:11.530  INFO 8840 --- [http-nio-8087-exec-7] i.p.e.controller.EmployeeController      : Getting all Employees ...
2020-09-07 15:22:29.575  INFO 8840 --- [http-nio-8087-exec-6] i.p.e.controller.EmployeeController      : Add Employee ...
2020-09-07 15:22:29.600  INFO 8840 --- [http-nio-8087-exec-5] i.p.e.controller.EmployeeController      : Getting all Employees ...
2020-09-07 15:22:31.785  INFO 8840 --- [http-nio-8087-exec-4] i.p.e.controller.EmployeeController      : Getting all Employees ...
2020-09-07 15:22:38.739  INFO 8840 --- [http-nio-8087-exec-3] i.p.e.controller.EmployeeController      : Deleting a single Employee with deptId and EmployeeId...
2020-09-07 15:22:38.761  INFO 8840 --- [http-nio-8087-exec-2] i.p.e.controller.EmployeeController      : Getting all Employees ...
2020-09-07 15:22:43.077  INFO 8840 --- [http-nio-8087-exec-1] i.p.e.controller.EmployeeController      : Getting all Employees ...
2020-09-07 15:22:45.629  INFO 8840 --- [http-nio-8087-exec-10] i.p.e.controller.EmployeeController      : Deleting a single Employee with deptId and EmployeeId...
2020-09-07 15:22:45.647  INFO 8840 --- [http-nio-8087-exec-9] i.p.e.controller.EmployeeController      : Getting all Employees ...
2020-09-07 15:22:48.773  INFO 8840 --- [http-nio-8087-exec-8] i.p.e.controller.EmployeeController      : Getting all Employees ...
2020-09-07 15:22:51.211  INFO 8840 --- [http-nio-8087-exec-7] i.p.e.controller.EmployeeController      : Getting all Employees ...
2020-09-07 15:22:52.664  INFO 8840 --- [http-nio-8087-exec-6] i.p.e.controller.EmployeeController      : Getting all Employees ...
2020-09-07 15:22:53.981  INFO 8840 --- [http-nio-8087-exec-5] i.p.e.controller.EmployeeController      : Getting all Employees ...
2020-09-07 15:22:56.025  INFO 8840 --- [http-nio-8087-exec-4] i.p.e.controller.EmployeeController      : Getting all Employees ...
2020-09-07 15:23:39.826  INFO 8840 --- [http-nio-8087-exec-3] i.p.e.controller.EmployeeController      : Getting all Employees ...
2020-09-07 15:24:51.904  INFO 8840 --- [AsyncResolver-bootstrap-executor-0] c.n.d.s.r.aws.ConfigClusterResolver      : Resolving eureka endpoints via configuration
2020-09-07 15:25:26.089  INFO 8840 --- [http-nio-8087-exec-1] i.p.e.controller.EmployeeController      : Getting all Employees ...
2020-09-07 15:25:32.149  INFO 8840 --- [http-nio-8087-exec-10] i.p.e.controller.EmployeeController      : Update Employee ...
2020-09-07 15:25:32.186  INFO 8840 --- [http-nio-8087-exec-9] i.p.e.controller.EmployeeController      : Getting all Employees ...
2020-09-07 15:25:36.643  INFO 8840 --- [http-nio-8087-exec-8] i.p.e.controller.EmployeeController      : Getting all Employees ...
2020-09-07 15:25:39.482  INFO 8840 --- [http-nio-8087-exec-7] i.p.e.controller.EmployeeController      : Getting all Employees ...
2020-09-07 15:29:35.003  INFO 8840 --- [http-nio-8087-exec-6] i.p.e.controller.EmployeeController      : Delete All Employees with deptId ...
2020-09-07 15:29:51.905  INFO 8840 --- [AsyncResolver-bootstrap-executor-0] c.n.d.s.r.aws.ConfigClusterResolver      : Resolving eureka endpoints via configuration
2020-09-07 15:34:51.908  INFO 8840 --- [AsyncResolver-bootstrap-executor-0] c.n.d.s.r.aws.ConfigClusterResolver      : Resolving eureka endpoints via configuration
2020-09-07 15:39:51.911  INFO 8840 --- [AsyncResolver-bootstrap-executor-0] c.n.d.s.r.aws.ConfigClusterResolver      : Resolving eureka endpoints via configuration
2020-09-07 15:44:51.913  INFO 8840 --- [AsyncResolver-bootstrap-executor-0] c.n.d.s.r.aws.ConfigClusterResolver      : Resolving eureka endpoints via configuration
2020-09-07 15:47:24.958  INFO 8840 --- [http-nio-8087-exec-4] i.p.e.controller.EmployeeController      : Delete All Employees with deptId ...
2020-09-07 15:49:51.915  INFO 8840 --- [AsyncResolver-bootstrap-executor-0] c.n.d.s.r.aws.ConfigClusterResolver      : Resolving eureka endpoints via configuration
2020-09-07 15:54:51.924  INFO 8840 --- [AsyncResolver-bootstrap-executor-0] c.n.d.s.r.aws.ConfigClusterResolver      : Resolving eureka endpoints via configuration
2020-09-07 15:55:14.298  INFO 8840 --- [http-nio-8087-exec-2] i.p.e.controller.EmployeeController      : Delete All Employees with deptId ...
2020-09-07 15:59:51.932  INFO 8840 --- [AsyncResolver-bootstrap-executor-0] c.n.d.s.r.aws.ConfigClusterResolver      : Resolving eureka endpoints via configuration
2020-09-07 16:04:51.941  INFO 8840 --- [AsyncResolver-bootstrap-executor-0] c.n.d.s.r.aws.ConfigClusterResolver      : Resolving eureka endpoints via configuration
2020-09-07 16:09:51.946  INFO 8840 --- [AsyncResolver-bootstrap-executor-0] c.n.d.s.r.aws.ConfigClusterResolver      : Resolving eureka endpoints via configuration
2020-09-07 16:13:19.861  INFO 8840 --- [http-nio-8087-exec-10] i.p.e.controller.EmployeeController      : Getting all Employees ...
2020-09-07 16:13:22.988  INFO 8840 --- [http-nio-8087-exec-9] i.p.e.controller.EmployeeController      : Getting all Employees ...
2020-09-07 16:13:25.976  INFO 8840 --- [http-nio-8087-exec-8] i.p.e.controller.EmployeeController      : Getting all Employees ...
2020-09-07 16:13:27.702  INFO 8840 --- [http-nio-8087-exec-7] i.p.e.controller.EmployeeController      : Getting all Employees ...
2020-09-07 16:13:30.920  INFO 8840 --- [http-nio-8087-exec-6] i.p.e.controller.EmployeeController      : Deleting a single Employee with deptId and EmployeeId...
2020-09-07 16:13:30.985  INFO 8840 --- [http-nio-8087-exec-5] i.p.e.controller.EmployeeController      : Getting all Employees ...
2020-09-07 16:13:33.123  INFO 8840 --- [http-nio-8087-exec-4] i.p.e.controller.EmployeeController      : Deleting a single Employee with deptId and EmployeeId...
2020-09-07 16:13:33.160  INFO 8840 --- [http-nio-8087-exec-3] i.p.e.controller.EmployeeController      : Getting all Employees ...
2020-09-07 16:13:40.355  INFO 8840 --- [http-nio-8087-exec-2] i.p.e.controller.EmployeeController      : Getting all Employees ...
2020-09-07 16:13:41.770  INFO 8840 --- [http-nio-8087-exec-1] i.p.e.controller.EmployeeController      : Getting all Employees ...
2020-09-07 16:13:43.802  INFO 8840 --- [http-nio-8087-exec-10] i.p.e.controller.EmployeeController      : Getting all Employees ...
2020-09-07 16:14:02.257  INFO 8840 --- [http-nio-8087-exec-9] i.p.e.controller.EmployeeController      : Add Employee ...
2020-09-07 16:14:02.320  INFO 8840 --- [http-nio-8087-exec-8] i.p.e.controller.EmployeeController      : Getting all Employees ...
2020-09-07 16:14:12.627  INFO 8840 --- [http-nio-8087-exec-7] i.p.e.controller.EmployeeController      : Deleting a single Employee with deptId and EmployeeId...
2020-09-07 16:14:12.668  INFO 8840 --- [http-nio-8087-exec-6] i.p.e.controller.EmployeeController      : Getting all Employees ...
2020-09-07 16:14:51.958  INFO 8840 --- [AsyncResolver-bootstrap-executor-0] c.n.d.s.r.aws.ConfigClusterResolver      : Resolving eureka endpoints via configuration
2020-09-07 16:19:51.968  INFO 8840 --- [AsyncResolver-bootstrap-executor-0] c.n.d.s.r.aws.ConfigClusterResolver      : Resolving eureka endpoints via configuration
2020-09-07 16:24:51.978  INFO 8840 --- [AsyncResolver-bootstrap-executor-0] c.n.d.s.r.aws.ConfigClusterResolver      : Resolving eureka endpoints via configuration
2020-09-07 16:26:30.193  INFO 8840 --- [http-nio-8087-exec-4] i.p.e.controller.EmployeeController      : Delete All Employees with deptId ...
2020-09-07 16:27:00.899  INFO 8840 --- [http-nio-8087-exec-3] i.p.e.controller.EmployeeController      : Delete All Employees with deptId ...
2020-09-07 16:27:28.293  INFO 8840 --- [http-nio-8087-exec-2] i.p.e.controller.EmployeeController      : Delete All Employees with deptId ...
2020-09-07 16:27:36.848  INFO 8840 --- [http-nio-8087-exec-1] i.p.e.controller.EmployeeController      : Getting all Employees ...
2020-09-07 16:27:43.316  INFO 8840 --- [http-nio-8087-exec-10] i.p.e.controller.EmployeeController      : Getting all Employees ...
2020-09-07 16:27:47.086  INFO 8840 --- [http-nio-8087-exec-9] i.p.e.controller.EmployeeController      : Getting all Employees ...
2020-09-07 16:28:02.635  INFO 8840 --- [http-nio-8087-exec-8] i.p.e.controller.EmployeeController      : Add Employee ...
2020-09-07 16:28:02.665  INFO 8840 --- [http-nio-8087-exec-7] i.p.e.controller.EmployeeController      : Getting all Employees ...
2020-09-07 16:28:27.712  INFO 8840 --- [http-nio-8087-exec-6] i.p.e.controller.EmployeeController      : Getting all Employees ...
2020-09-07 16:28:29.509  INFO 8840 --- [http-nio-8087-exec-5] i.p.e.controller.EmployeeController      : Getting all Employees ...
2020-09-07 16:29:15.713  INFO 8840 --- [http-nio-8087-exec-4] i.p.e.controller.EmployeeController      : Update Employee ...
2020-09-07 16:29:15.744  INFO 8840 --- [http-nio-8087-exec-3] i.p.e.controller.EmployeeController      : Getting all Employees ...
2020-09-07 16:29:51.983  INFO 8840 --- [AsyncResolver-bootstrap-executor-0] c.n.d.s.r.aws.ConfigClusterResolver      : Resolving eureka endpoints via configuration
2020-09-07 16:30:26.406  INFO 8840 --- [http-nio-8087-exec-1] i.p.e.controller.EmployeeController      : Getting all Employees ...
2020-09-07 16:30:45.997  INFO 8840 --- [http-nio-8087-exec-10] i.p.e.controller.EmployeeController      : Deleting a single Employee with deptId and EmployeeId...
2020-09-07 16:30:46.035  INFO 8840 --- [http-nio-8087-exec-9] i.p.e.controller.EmployeeController      : Getting all Employees ...
2020-09-07 16:34:51.990  INFO 8840 --- [AsyncResolver-bootstrap-executor-0] c.n.d.s.r.aws.ConfigClusterResolver      : Resolving eureka endpoints via configuration
2020-09-07 16:39:51.999  INFO 8840 --- [AsyncResolver-bootstrap-executor-0] c.n.d.s.r.aws.ConfigClusterResolver      : Resolving eureka endpoints via configuration
2020-09-07 16:44:52.002  INFO 8840 --- [AsyncResolver-bootstrap-executor-0] c.n.d.s.r.aws.ConfigClusterResolver      : Resolving eureka endpoints via configuration
2020-09-07 16:49:52.004  INFO 8840 --- [AsyncResolver-bootstrap-executor-0] c.n.d.s.r.aws.ConfigClusterResolver      : Resolving eureka endpoints via configuration
2020-09-07 16:54:52.007  INFO 8840 --- [AsyncResolver-bootstrap-executor-0] c.n.d.s.r.aws.ConfigClusterResolver      : Resolving eureka endpoints via configuration
2020-09-07 16:59:52.010  INFO 8840 --- [AsyncResolver-bootstrap-executor-0] c.n.d.s.r.aws.ConfigClusterResolver      : Resolving eureka endpoints via configuration
